{"/Users/garrettyan/CodeSmith All/OSP/redisee/client/App.jsx": {"path":"/Users/garrettyan/CodeSmith All/OSP/redisee/client/App.jsx","statementMap":{"0":{"start":{"line":26,"column":12},"end":{"line":63,"column":1}},"1":{"start":{"line":27,"column":16},"end":{"line":27,"column":58}},"2":{"start":{"line":27,"column":39},"end":{"line":27,"column":57}},"3":{"start":{"line":28,"column":18},"end":{"line":28,"column":62}},"4":{"start":{"line":28,"column":41},"end":{"line":28,"column":61}},"5":{"start":{"line":29,"column":19},"end":{"line":29,"column":32}},"6":{"start":{"line":30,"column":19},"end":{"line":30,"column":32}},"7":{"start":{"line":34,"column":2},"end":{"line":41,"column":16}},"8":{"start":{"line":35,"column":4},"end":{"line":37,"column":5}},"9":{"start":{"line":36,"column":6},"end":{"line":36,"column":55}},"10":{"start":{"line":36,"column":23},"end":{"line":36,"column":47}},"11":{"start":{"line":38,"column":4},"end":{"line":40,"column":5}},"12":{"start":{"line":39,"column":6},"end":{"line":39,"column":20}},"13":{"start":{"line":43,"column":2},"end":{"line":62,"column":4}}},"fnMap":{"0":{"name":"(anonymous_0)","decl":{"start":{"line":26,"column":12},"end":{"line":26,"column":13}},"loc":{"start":{"line":26,"column":18},"end":{"line":63,"column":1}},"line":26},"1":{"name":"(anonymous_1)","decl":{"start":{"line":27,"column":28},"end":{"line":27,"column":29}},"loc":{"start":{"line":27,"column":39},"end":{"line":27,"column":57}},"line":27},"2":{"name":"(anonymous_2)","decl":{"start":{"line":28,"column":30},"end":{"line":28,"column":31}},"loc":{"start":{"line":28,"column":41},"end":{"line":28,"column":61}},"line":28},"3":{"name":"(anonymous_3)","decl":{"start":{"line":34,"column":12},"end":{"line":34,"column":13}},"loc":{"start":{"line":34,"column":18},"end":{"line":41,"column":3}},"line":34},"4":{"name":"(anonymous_4)","decl":{"start":{"line":36,"column":17},"end":{"line":36,"column":18}},"loc":{"start":{"line":36,"column":23},"end":{"line":36,"column":47}},"line":36}},"branchMap":{"0":{"loc":{"start":{"line":35,"column":4},"end":{"line":37,"column":5}},"type":"if","locations":[{"start":{"line":35,"column":4},"end":{"line":37,"column":5}},{"start":{},"end":{}}],"line":35},"1":{"loc":{"start":{"line":35,"column":8},"end":{"line":35,"column":45}},"type":"binary-expr","locations":[{"start":{"line":35,"column":8},"end":{"line":35,"column":15}},{"start":{"line":35,"column":19},"end":{"line":35,"column":45}}],"line":35},"2":{"loc":{"start":{"line":38,"column":4},"end":{"line":40,"column":5}},"type":"if","locations":[{"start":{"line":38,"column":4},"end":{"line":40,"column":5}},{"start":{},"end":{}}],"line":38},"3":{"loc":{"start":{"line":38,"column":8},"end":{"line":38,"column":43}},"type":"binary-expr","locations":[{"start":{"line":38,"column":8},"end":{"line":38,"column":15}},{"start":{"line":38,"column":19},"end":{"line":38,"column":43}}],"line":38},"4":{"loc":{"start":{"line":45,"column":7},"end":{"line":45,"column":34}},"type":"binary-expr","locations":[{"start":{"line":45,"column":7},"end":{"line":45,"column":14}},{"start":{"line":45,"column":18},"end":{"line":45,"column":34}}],"line":45},"5":{"loc":{"start":{"line":46,"column":28},"end":{"line":46,"column":70}},"type":"cond-expr","locations":[{"start":{"line":46,"column":48},"end":{"line":46,"column":58}},{"start":{"line":46,"column":61},"end":{"line":46,"column":70}}],"line":46}},"s":{"0":1,"1":5,"2":4,"3":4,"4":4,"5":4,"6":4,"7":0,"8":0,"9":0,"10":0,"11":0,"12":0,"13":0},"f":{"0":5,"1":4,"2":4,"3":0,"4":0},"b":{"0":[0,0],"1":[0,0],"2":[0,0],"3":[0,0],"4":[0,0],"5":[0,0]},"_coverageSchema":"1a1c01bbd47fc00a2c39e90264f33305004495a9","hash":"4537049cc2c528a1a136f8ca9412cf3ac6e9b46a"}
,"/Users/garrettyan/CodeSmith All/OSP/redisee/client/TestGraph.jsx": {"path":"/Users/garrettyan/CodeSmith All/OSP/redisee/client/TestGraph.jsx","statementMap":{"0":{"start":{"line":16,"column":16},"end":{"line":16,"column":57}},"1":{"start":{"line":16,"column":39},"end":{"line":16,"column":56}},"2":{"start":{"line":17,"column":2},"end":{"line":17,"column":21}},"3":{"start":{"line":18,"column":19},"end":{"line":18,"column":32}},"4":{"start":{"line":21,"column":4},"end":{"line":32,"column":9}},"5":{"start":{"line":22,"column":21},"end":{"line":22,"column":31}},"6":{"start":{"line":24,"column":43},"end":{"line":24,"column":47}},"7":{"start":{"line":25,"column":8},"end":{"line":31,"column":10}},"8":{"start":{"line":35,"column":2},"end":{"line":40,"column":9}},"9":{"start":{"line":36,"column":21},"end":{"line":38,"column":12}},"10":{"start":{"line":37,"column":6},"end":{"line":37,"column":23}},"11":{"start":{"line":39,"column":4},"end":{"line":39,"column":41}},"12":{"start":{"line":39,"column":17},"end":{"line":39,"column":40}},"13":{"start":{"line":43,"column":2},"end":{"line":67,"column":4}}},"fnMap":{"0":{"name":"TestGraph","decl":{"start":{"line":15,"column":24},"end":{"line":15,"column":33}},"loc":{"start":{"line":15,"column":36},"end":{"line":68,"column":1}},"line":15},"1":{"name":"(anonymous_1)","decl":{"start":{"line":16,"column":28},"end":{"line":16,"column":29}},"loc":{"start":{"line":16,"column":39},"end":{"line":16,"column":56}},"line":16},"2":{"name":"getPerformance","decl":{"start":{"line":20,"column":11},"end":{"line":20,"column":25}},"loc":{"start":{"line":20,"column":28},"end":{"line":33,"column":3}},"line":20},"3":{"name":"(anonymous_3)","decl":{"start":{"line":22,"column":12},"end":{"line":22,"column":13}},"loc":{"start":{"line":22,"column":21},"end":{"line":22,"column":31}},"line":22},"4":{"name":"(anonymous_4)","decl":{"start":{"line":23,"column":12},"end":{"line":23,"column":13}},"loc":{"start":{"line":23,"column":22},"end":{"line":32,"column":7}},"line":23},"5":{"name":"(anonymous_5)","decl":{"start":{"line":35,"column":12},"end":{"line":35,"column":13}},"loc":{"start":{"line":35,"column":18},"end":{"line":40,"column":3}},"line":35},"6":{"name":"(anonymous_6)","decl":{"start":{"line":36,"column":33},"end":{"line":36,"column":34}},"loc":{"start":{"line":36,"column":39},"end":{"line":38,"column":5}},"line":36},"7":{"name":"(anonymous_7)","decl":{"start":{"line":39,"column":11},"end":{"line":39,"column":12}},"loc":{"start":{"line":39,"column":17},"end":{"line":39,"column":40}},"line":39}},"branchMap":{},"s":{"0":0,"1":0,"2":0,"3":0,"4":0,"5":0,"6":0,"7":0,"8":0,"9":0,"10":0,"11":0,"12":0,"13":0},"f":{"0":0,"1":0,"2":0,"3":0,"4":0,"5":0,"6":0,"7":0},"b":{}}
,"/Users/garrettyan/CodeSmith All/OSP/redisee/client/clockHelperFunction.js": {"path":"/Users/garrettyan/CodeSmith All/OSP/redisee/client/clockHelperFunction.js","statementMap":{"0":{"start":{"line":1,"column":21},"end":{"line":15,"column":1}},"1":{"start":{"line":3,"column":14},"end":{"line":3,"column":41}},"2":{"start":{"line":4,"column":15},"end":{"line":4,"column":49}},"3":{"start":{"line":5,"column":15},"end":{"line":5,"column":40}},"4":{"start":{"line":7,"column":14},"end":{"line":7,"column":16}},"5":{"start":{"line":9,"column":2},"end":{"line":11,"column":3}},"6":{"start":{"line":10,"column":4},"end":{"line":10,"column":53}},"7":{"start":{"line":12,"column":2},"end":{"line":12,"column":52}},"8":{"start":{"line":13,"column":2},"end":{"line":13,"column":21}},"9":{"start":{"line":14,"column":2},"end":{"line":14,"column":15}}},"fnMap":{"0":{"name":"(anonymous_0)","decl":{"start":{"line":1,"column":21},"end":{"line":1,"column":22}},"loc":{"start":{"line":1,"column":35},"end":{"line":15,"column":1}},"line":1}},"branchMap":{"0":{"loc":{"start":{"line":9,"column":2},"end":{"line":11,"column":3}},"type":"if","locations":[{"start":{"line":9,"column":2},"end":{"line":11,"column":3}},{"start":{},"end":{}}],"line":9},"1":{"loc":{"start":{"line":10,"column":31},"end":{"line":10,"column":51}},"type":"cond-expr","locations":[{"start":{"line":10,"column":43},"end":{"line":10,"column":46}},{"start":{"line":10,"column":49},"end":{"line":10,"column":51}}],"line":10},"2":{"loc":{"start":{"line":12,"column":30},"end":{"line":12,"column":50}},"type":"cond-expr","locations":[{"start":{"line":12,"column":42},"end":{"line":12,"column":45}},{"start":{"line":12,"column":48},"end":{"line":12,"column":50}}],"line":12}},"s":{"0":1,"1":0,"2":0,"3":0,"4":0,"5":0,"6":0,"7":0,"8":0,"9":0},"f":{"0":0},"b":{"0":[0,0],"1":[0,0],"2":[0,0]},"_coverageSchema":"1a1c01bbd47fc00a2c39e90264f33305004495a9","hash":"e160a4aae5108e733759d967658c384fb77d1328"}
,"/Users/garrettyan/CodeSmith All/OSP/redisee/client/helperFunctions.js": {"path":"/Users/garrettyan/CodeSmith All/OSP/redisee/client/helperFunctions.js","statementMap":{"0":{"start":{"line":9,"column":25},"end":{"line":25,"column":1}},"1":{"start":{"line":11,"column":13},"end":{"line":11,"column":18}},"2":{"start":{"line":12,"column":2},"end":{"line":19,"column":3}},"3":{"start":{"line":12,"column":15},"end":{"line":12,"column":16}},"4":{"start":{"line":14,"column":4},"end":{"line":18,"column":5}},"5":{"start":{"line":15,"column":6},"end":{"line":15,"column":72}},"6":{"start":{"line":16,"column":6},"end":{"line":16,"column":18}},"7":{"start":{"line":17,"column":6},"end":{"line":17,"column":12}},"8":{"start":{"line":21,"column":2},"end":{"line":24,"column":3}},"9":{"start":{"line":22,"column":4},"end":{"line":22,"column":21}},"10":{"start":{"line":23,"column":4},"end":{"line":23,"column":71}},"11":{"start":{"line":27,"column":24},"end":{"line":36,"column":1}},"12":{"start":{"line":28,"column":2},"end":{"line":35,"column":4}}},"fnMap":{"0":{"name":"(anonymous_0)","decl":{"start":{"line":9,"column":25},"end":{"line":9,"column":26}},"loc":{"start":{"line":9,"column":68},"end":{"line":25,"column":1}},"line":9},"1":{"name":"(anonymous_1)","decl":{"start":{"line":27,"column":24},"end":{"line":27,"column":25}},"loc":{"start":{"line":27,"column":42},"end":{"line":36,"column":1}},"line":27}},"branchMap":{"0":{"loc":{"start":{"line":14,"column":4},"end":{"line":18,"column":5}},"type":"if","locations":[{"start":{"line":14,"column":4},"end":{"line":18,"column":5}},{"start":{},"end":{}}],"line":14},"1":{"loc":{"start":{"line":15,"column":52},"end":{"line":15,"column":69}},"type":"cond-expr","locations":[{"start":{"line":15,"column":60},"end":{"line":15,"column":65}},{"start":{"line":15,"column":68},"end":{"line":15,"column":69}}],"line":15},"2":{"loc":{"start":{"line":21,"column":2},"end":{"line":24,"column":3}},"type":"if","locations":[{"start":{"line":21,"column":2},"end":{"line":24,"column":3}},{"start":{},"end":{}}],"line":21},"3":{"loc":{"start":{"line":23,"column":50},"end":{"line":23,"column":67}},"type":"cond-expr","locations":[{"start":{"line":23,"column":58},"end":{"line":23,"column":63}},{"start":{"line":23,"column":66},"end":{"line":23,"column":67}}],"line":23}},"s":{"0":1,"1":0,"2":0,"3":0,"4":0,"5":0,"6":0,"7":0,"8":0,"9":0,"10":0,"11":1,"12":0},"f":{"0":0,"1":0},"b":{"0":[0,0],"1":[0,0],"2":[0,0],"3":[0,0]},"_coverageSchema":"1a1c01bbd47fc00a2c39e90264f33305004495a9","hash":"29c12eb671a0170255bf2d6faac3e03f3b4f98af"}
,"/Users/garrettyan/CodeSmith All/OSP/redisee/client/index.js": {"path":"/Users/garrettyan/CodeSmith All/OSP/redisee/client/index.js","statementMap":{"0":{"start":{"line":10,"column":18},"end":{"line":10,"column":48}},"1":{"start":{"line":11,"column":13},"end":{"line":11,"column":34}},"2":{"start":{"line":12,"column":0},"end":{"line":18,"column":2}}},"fnMap":{},"branchMap":{},"s":{"0":0,"1":0,"2":0},"f":{},"b":{}}
,"/Users/garrettyan/CodeSmith All/OSP/redisee/client/components/Form.jsx": {"path":"/Users/garrettyan/CodeSmith All/OSP/redisee/client/components/Form.jsx","statementMap":{"0":{"start":{"line":14,"column":37},"end":{"line":14,"column":49}},"1":{"start":{"line":15,"column":27},"end":{"line":15,"column":39}},"2":{"start":{"line":16,"column":27},"end":{"line":16,"column":39}},"3":{"start":{"line":17,"column":19},"end":{"line":17,"column":32}},"4":{"start":{"line":19,"column":26},"end":{"line":21,"column":3}},"5":{"start":{"line":20,"column":4},"end":{"line":20,"column":34}},"6":{"start":{"line":22,"column":21},"end":{"line":24,"column":3}},"7":{"start":{"line":23,"column":4},"end":{"line":23,"column":29}},"8":{"start":{"line":25,"column":21},"end":{"line":27,"column":3}},"9":{"start":{"line":26,"column":4},"end":{"line":26,"column":29}},"10":{"start":{"line":29,"column":23},"end":{"line":38,"column":3}},"11":{"start":{"line":30,"column":4},"end":{"line":30,"column":23}},"12":{"start":{"line":31,"column":4},"end":{"line":37,"column":6}},"13":{"start":{"line":45,"column":2},"end":{"line":97,"column":4}},"14":{"start":{"line":46,"column":30},"end":{"line":46,"column":51}},"15":{"start":{"line":49,"column":10},"end":{"line":49,"column":30}},"16":{"start":{"line":61,"column":12},"end":{"line":61,"column":31}},"17":{"start":{"line":72,"column":12},"end":{"line":72,"column":26}},"18":{"start":{"line":83,"column":12},"end":{"line":83,"column":26}},"19":{"start":{"line":89,"column":12},"end":{"line":89,"column":28}}},"fnMap":{"0":{"name":"Form","decl":{"start":{"line":13,"column":9},"end":{"line":13,"column":13}},"loc":{"start":{"line":13,"column":16},"end":{"line":98,"column":1}},"line":13},"1":{"name":"(anonymous_1)","decl":{"start":{"line":19,"column":26},"end":{"line":19,"column":27}},"loc":{"start":{"line":19,"column":33},"end":{"line":21,"column":3}},"line":19},"2":{"name":"(anonymous_2)","decl":{"start":{"line":22,"column":21},"end":{"line":22,"column":22}},"loc":{"start":{"line":22,"column":28},"end":{"line":24,"column":3}},"line":22},"3":{"name":"(anonymous_3)","decl":{"start":{"line":25,"column":21},"end":{"line":25,"column":22}},"loc":{"start":{"line":25,"column":28},"end":{"line":27,"column":3}},"line":25},"4":{"name":"(anonymous_4)","decl":{"start":{"line":29,"column":23},"end":{"line":29,"column":24}},"loc":{"start":{"line":29,"column":30},"end":{"line":38,"column":3}},"line":29},"5":{"name":"(anonymous_5)","decl":{"start":{"line":46,"column":24},"end":{"line":46,"column":25}},"loc":{"start":{"line":46,"column":30},"end":{"line":46,"column":51}},"line":46},"6":{"name":"(anonymous_6)","decl":{"start":{"line":48,"column":17},"end":{"line":48,"column":18}},"loc":{"start":{"line":48,"column":24},"end":{"line":50,"column":9}},"line":48},"7":{"name":"(anonymous_7)","decl":{"start":{"line":60,"column":20},"end":{"line":60,"column":21}},"loc":{"start":{"line":60,"column":27},"end":{"line":62,"column":11}},"line":60},"8":{"name":"(anonymous_8)","decl":{"start":{"line":71,"column":20},"end":{"line":71,"column":21}},"loc":{"start":{"line":71,"column":27},"end":{"line":73,"column":11}},"line":71},"9":{"name":"(anonymous_9)","decl":{"start":{"line":82,"column":20},"end":{"line":82,"column":21}},"loc":{"start":{"line":82,"column":27},"end":{"line":84,"column":11}},"line":82},"10":{"name":"(anonymous_10)","decl":{"start":{"line":88,"column":19},"end":{"line":88,"column":20}},"loc":{"start":{"line":88,"column":26},"end":{"line":90,"column":11}},"line":88}},"branchMap":{},"s":{"0":0,"1":0,"2":0,"3":0,"4":0,"5":0,"6":0,"7":0,"8":0,"9":0,"10":0,"11":0,"12":0,"13":0,"14":0,"15":0,"16":0,"17":0,"18":0,"19":0},"f":{"0":0,"1":0,"2":0,"3":0,"4":0,"5":0,"6":0,"7":0,"8":0,"9":0,"10":0},"b":{},"_coverageSchema":"1a1c01bbd47fc00a2c39e90264f33305004495a9","hash":"b729e20f29fac672da25c533d3e187083ab0ae14"}
,"/Users/garrettyan/CodeSmith All/OSP/redisee/client/components/HomePage.jsx": {"path":"/Users/garrettyan/CodeSmith All/OSP/redisee/client/components/HomePage.jsx","statementMap":{"0":{"start":{"line":6,"column":17},"end":{"line":23,"column":1}},"1":{"start":{"line":7,"column":19},"end":{"line":7,"column":32}},"2":{"start":{"line":8,"column":2},"end":{"line":22,"column":4}},"3":{"start":{"line":16,"column":35},"end":{"line":16,"column":55}}},"fnMap":{"0":{"name":"(anonymous_0)","decl":{"start":{"line":6,"column":17},"end":{"line":6,"column":18}},"loc":{"start":{"line":6,"column":27},"end":{"line":23,"column":1}},"line":6},"1":{"name":"(anonymous_1)","decl":{"start":{"line":16,"column":29},"end":{"line":16,"column":30}},"loc":{"start":{"line":16,"column":35},"end":{"line":16,"column":55}},"line":16}},"branchMap":{},"s":{"0":1,"1":0,"2":0,"3":0},"f":{"0":0,"1":0},"b":{},"_coverageSchema":"1a1c01bbd47fc00a2c39e90264f33305004495a9","hash":"87755527612ccbe15e2a646025fee80818254618"}
,"/Users/garrettyan/CodeSmith All/OSP/redisee/client/components/LoadingGraphPage.jsx": {"path":"/Users/garrettyan/CodeSmith All/OSP/redisee/client/components/LoadingGraphPage.jsx","statementMap":{"0":{"start":{"line":9,"column":25},"end":{"line":34,"column":1}},"1":{"start":{"line":10,"column":2},"end":{"line":33,"column":4}}},"fnMap":{"0":{"name":"(anonymous_0)","decl":{"start":{"line":9,"column":25},"end":{"line":9,"column":26}},"loc":{"start":{"line":9,"column":31},"end":{"line":34,"column":1}},"line":9}},"branchMap":{},"s":{"0":1,"1":0},"f":{"0":0},"b":{},"_coverageSchema":"1a1c01bbd47fc00a2c39e90264f33305004495a9","hash":"b68aedd1d5e5f79b89f418013c9b23108fb9441a"}
,"/Users/garrettyan/CodeSmith All/OSP/redisee/client/components/MessageModal.jsx": {"path":"/Users/garrettyan/CodeSmith All/OSP/redisee/client/components/MessageModal.jsx","statementMap":{"0":{"start":{"line":13,"column":21},"end":{"line":29,"column":1}},"1":{"start":{"line":14,"column":16},"end":{"line":14,"column":60}},"2":{"start":{"line":14,"column":39},"end":{"line":14,"column":59}},"3":{"start":{"line":15,"column":19},"end":{"line":15,"column":32}},"4":{"start":{"line":16,"column":2},"end":{"line":28,"column":4}},"5":{"start":{"line":26,"column":34},"end":{"line":26,"column":58}}},"fnMap":{"0":{"name":"(anonymous_0)","decl":{"start":{"line":13,"column":21},"end":{"line":13,"column":22}},"loc":{"start":{"line":13,"column":27},"end":{"line":29,"column":1}},"line":13},"1":{"name":"(anonymous_1)","decl":{"start":{"line":14,"column":28},"end":{"line":14,"column":29}},"loc":{"start":{"line":14,"column":39},"end":{"line":14,"column":59}},"line":14},"2":{"name":"(anonymous_2)","decl":{"start":{"line":26,"column":28},"end":{"line":26,"column":29}},"loc":{"start":{"line":26,"column":34},"end":{"line":26,"column":58}},"line":26}},"branchMap":{"0":{"loc":{"start":{"line":18,"column":15},"end":{"line":18,"column":49}},"type":"binary-expr","locations":[{"start":{"line":18,"column":15},"end":{"line":18,"column":41}},{"start":{"line":18,"column":45},"end":{"line":18,"column":49}}],"line":18},"1":{"loc":{"start":{"line":19,"column":15},"end":{"line":19,"column":49}},"type":"binary-expr","locations":[{"start":{"line":19,"column":15},"end":{"line":19,"column":41}},{"start":{"line":19,"column":45},"end":{"line":19,"column":49}}],"line":19},"2":{"loc":{"start":{"line":20,"column":13},"end":{"line":20,"column":45}},"type":"binary-expr","locations":[{"start":{"line":20,"column":13},"end":{"line":20,"column":37}},{"start":{"line":20,"column":41},"end":{"line":20,"column":45}}],"line":20},"3":{"loc":{"start":{"line":22,"column":7},"end":{"line":22,"column":55}},"type":"binary-expr","locations":[{"start":{"line":22,"column":7},"end":{"line":22,"column":33}},{"start":{"line":22,"column":37},"end":{"line":22,"column":55}}],"line":22},"4":{"loc":{"start":{"line":23,"column":7},"end":{"line":23,"column":63}},"type":"binary-expr","locations":[{"start":{"line":23,"column":7},"end":{"line":23,"column":33}},{"start":{"line":23,"column":37},"end":{"line":23,"column":63}}],"line":23},"5":{"loc":{"start":{"line":24,"column":7},"end":{"line":24,"column":60}},"type":"binary-expr","locations":[{"start":{"line":24,"column":7},"end":{"line":24,"column":31}},{"start":{"line":24,"column":35},"end":{"line":24,"column":60}}],"line":24}},"s":{"0":1,"1":0,"2":0,"3":0,"4":0,"5":0},"f":{"0":0,"1":0,"2":0},"b":{"0":[0,0],"1":[0,0],"2":[0,0],"3":[0,0],"4":[0,0],"5":[0,0]},"_coverageSchema":"1a1c01bbd47fc00a2c39e90264f33305004495a9","hash":"2dfc50fc7558104f72629f1d6e673f06cbe5071a"}
,"/Users/garrettyan/CodeSmith All/OSP/redisee/client/components/SideBar.jsx": {"path":"/Users/garrettyan/CodeSmith All/OSP/redisee/client/components/SideBar.jsx","statementMap":{"0":{"start":{"line":27,"column":16},"end":{"line":74,"column":1}},"1":{"start":{"line":28,"column":23},"end":{"line":28,"column":72}},"2":{"start":{"line":28,"column":46},"end":{"line":28,"column":71}},"3":{"start":{"line":29,"column":16},"end":{"line":29,"column":58}},"4":{"start":{"line":29,"column":39},"end":{"line":29,"column":57}},"5":{"start":{"line":31,"column":2},"end":{"line":73,"column":4}}},"fnMap":{"0":{"name":"(anonymous_0)","decl":{"start":{"line":27,"column":16},"end":{"line":27,"column":17}},"loc":{"start":{"line":27,"column":27},"end":{"line":74,"column":1}},"line":27},"1":{"name":"(anonymous_1)","decl":{"start":{"line":28,"column":35},"end":{"line":28,"column":36}},"loc":{"start":{"line":28,"column":46},"end":{"line":28,"column":71}},"line":28},"2":{"name":"(anonymous_2)","decl":{"start":{"line":29,"column":28},"end":{"line":29,"column":29}},"loc":{"start":{"line":29,"column":39},"end":{"line":29,"column":57}},"line":29}},"branchMap":{"0":{"loc":{"start":{"line":34,"column":18},"end":{"line":34,"column":53}},"type":"cond-expr","locations":[{"start":{"line":34,"column":38},"end":{"line":34,"column":42}},{"start":{"line":34,"column":45},"end":{"line":34,"column":53}}],"line":34}},"s":{"0":1,"1":0,"2":0,"3":0,"4":0,"5":0},"f":{"0":0,"1":0,"2":0},"b":{"0":[0,0]},"_coverageSchema":"1a1c01bbd47fc00a2c39e90264f33305004495a9","hash":"dcbc7654f4154f909ee41017ca4d2d2818ac605a"}
,"/Users/garrettyan/CodeSmith All/OSP/redisee/client/components/Toggler.jsx": {"path":"/Users/garrettyan/CodeSmith All/OSP/redisee/client/components/Toggler.jsx","statementMap":{"0":{"start":{"line":6,"column":16},"end":{"line":21,"column":1}},"1":{"start":{"line":7,"column":19},"end":{"line":7,"column":32}},"2":{"start":{"line":8,"column":16},"end":{"line":8,"column":58}},"3":{"start":{"line":8,"column":39},"end":{"line":8,"column":57}},"4":{"start":{"line":9,"column":2},"end":{"line":20,"column":4}},"5":{"start":{"line":13,"column":26},"end":{"line":13,"column":49}}},"fnMap":{"0":{"name":"(anonymous_0)","decl":{"start":{"line":6,"column":16},"end":{"line":6,"column":17}},"loc":{"start":{"line":6,"column":27},"end":{"line":21,"column":1}},"line":6},"1":{"name":"(anonymous_1)","decl":{"start":{"line":8,"column":28},"end":{"line":8,"column":29}},"loc":{"start":{"line":8,"column":39},"end":{"line":8,"column":57}},"line":8},"2":{"name":"(anonymous_2)","decl":{"start":{"line":13,"column":20},"end":{"line":13,"column":21}},"loc":{"start":{"line":13,"column":26},"end":{"line":13,"column":49}},"line":13}},"branchMap":{"0":{"loc":{"start":{"line":15,"column":19},"end":{"line":15,"column":51}},"type":"cond-expr","locations":[{"start":{"line":15,"column":39},"end":{"line":15,"column":43}},{"start":{"line":15,"column":46},"end":{"line":15,"column":51}}],"line":15}},"s":{"0":1,"1":0,"2":0,"3":0,"4":0,"5":0},"f":{"0":0,"1":0,"2":0},"b":{"0":[0,0]},"_coverageSchema":"1a1c01bbd47fc00a2c39e90264f33305004495a9","hash":"21e448b2375031d78e29b54ec20079bed7e8d8b8"}
,"/Users/garrettyan/CodeSmith All/OSP/redisee/client/components/BasicActivities/ActivitiesPage.jsx": {"path":"/Users/garrettyan/CodeSmith All/OSP/redisee/client/components/BasicActivities/ActivitiesPage.jsx","statementMap":{"0":{"start":{"line":15,"column":23},"end":{"line":41,"column":1}},"1":{"start":{"line":16,"column":19},"end":{"line":16,"column":32}},"2":{"start":{"line":18,"column":18},"end":{"line":18,"column":69}},"3":{"start":{"line":18,"column":41},"end":{"line":18,"column":68}},"4":{"start":{"line":19,"column":23},"end":{"line":19,"column":72}},"5":{"start":{"line":19,"column":46},"end":{"line":19,"column":71}},"6":{"start":{"line":20,"column":14},"end":{"line":20,"column":67}},"7":{"start":{"line":21,"column":2},"end":{"line":26,"column":9}},"8":{"start":{"line":22,"column":31},"end":{"line":24,"column":12}},"9":{"start":{"line":23,"column":6},"end":{"line":23,"column":40}},"10":{"start":{"line":25,"column":4},"end":{"line":25,"column":51}},"11":{"start":{"line":25,"column":17},"end":{"line":25,"column":50}},"12":{"start":{"line":28,"column":2},"end":{"line":40,"column":4}}},"fnMap":{"0":{"name":"(anonymous_0)","decl":{"start":{"line":15,"column":23},"end":{"line":15,"column":24}},"loc":{"start":{"line":15,"column":29},"end":{"line":41,"column":1}},"line":15},"1":{"name":"(anonymous_1)","decl":{"start":{"line":18,"column":30},"end":{"line":18,"column":31}},"loc":{"start":{"line":18,"column":41},"end":{"line":18,"column":68}},"line":18},"2":{"name":"(anonymous_2)","decl":{"start":{"line":19,"column":35},"end":{"line":19,"column":36}},"loc":{"start":{"line":19,"column":46},"end":{"line":19,"column":71}},"line":19},"3":{"name":"(anonymous_3)","decl":{"start":{"line":21,"column":12},"end":{"line":21,"column":13}},"loc":{"start":{"line":21,"column":18},"end":{"line":26,"column":3}},"line":21},"4":{"name":"(anonymous_4)","decl":{"start":{"line":22,"column":43},"end":{"line":22,"column":44}},"loc":{"start":{"line":22,"column":49},"end":{"line":24,"column":5}},"line":22},"5":{"name":"(anonymous_5)","decl":{"start":{"line":25,"column":11},"end":{"line":25,"column":12}},"loc":{"start":{"line":25,"column":17},"end":{"line":25,"column":50}},"line":25}},"branchMap":{"0":{"loc":{"start":{"line":30,"column":7},"end":{"line":38,"column":7}},"type":"cond-expr","locations":[{"start":{"line":31,"column":8},"end":{"line":31,"column":28}},{"start":{"line":33,"column":8},"end":{"line":37,"column":20}}],"line":30}},"s":{"0":1,"1":0,"2":0,"3":0,"4":0,"5":0,"6":0,"7":0,"8":0,"9":0,"10":0,"11":0,"12":0},"f":{"0":0,"1":0,"2":0,"3":0,"4":0,"5":0},"b":{"0":[0,0]},"_coverageSchema":"1a1c01bbd47fc00a2c39e90264f33305004495a9","hash":"0941466bd66f331fce858de61b0c44abf20a3130"}
,"/Users/garrettyan/CodeSmith All/OSP/redisee/client/components/BasicActivities/ConnectedClient.jsx": {"path":"/Users/garrettyan/CodeSmith All/OSP/redisee/client/components/BasicActivities/ConnectedClient.jsx","statementMap":{"0":{"start":{"line":21,"column":26},"end":{"line":23,"column":3}},"1":{"start":{"line":22,"column":15},"end":{"line":22,"column":52}},"2":{"start":{"line":24,"column":2},"end":{"line":52,"column":4}}},"fnMap":{"0":{"name":"connectedClients","decl":{"start":{"line":20,"column":24},"end":{"line":20,"column":40}},"loc":{"start":{"line":20,"column":43},"end":{"line":53,"column":1}},"line":20},"1":{"name":"(anonymous_1)","decl":{"start":{"line":22,"column":4},"end":{"line":22,"column":5}},"loc":{"start":{"line":22,"column":15},"end":{"line":22,"column":52}},"line":22}},"branchMap":{},"s":{"0":0,"1":0,"2":0},"f":{"0":0,"1":0},"b":{},"_coverageSchema":"1a1c01bbd47fc00a2c39e90264f33305004495a9","hash":"1e87e85b1f88d7a4f0e5498535df23420a27161e"}
,"/Users/garrettyan/CodeSmith All/OSP/redisee/client/components/BasicActivities/ConnectedSlaves.jsx": {"path":"/Users/garrettyan/CodeSmith All/OSP/redisee/client/components/BasicActivities/ConnectedSlaves.jsx","statementMap":{"0":{"start":{"line":21,"column":26},"end":{"line":23,"column":3}},"1":{"start":{"line":22,"column":15},"end":{"line":22,"column":51}},"2":{"start":{"line":24,"column":2},"end":{"line":52,"column":4}}},"fnMap":{"0":{"name":"connectedSlaves","decl":{"start":{"line":20,"column":24},"end":{"line":20,"column":39}},"loc":{"start":{"line":20,"column":42},"end":{"line":53,"column":1}},"line":20},"1":{"name":"(anonymous_1)","decl":{"start":{"line":22,"column":4},"end":{"line":22,"column":5}},"loc":{"start":{"line":22,"column":15},"end":{"line":22,"column":51}},"line":22}},"branchMap":{},"s":{"0":0,"1":0,"2":0},"f":{"0":0,"1":0},"b":{},"_coverageSchema":"1a1c01bbd47fc00a2c39e90264f33305004495a9","hash":"497cbf7240f3205538cd93d18d2e97cc7db3c187"}
,"/Users/garrettyan/CodeSmith All/OSP/redisee/client/components/BasicActivities/Keyspace.jsx": {"path":"/Users/garrettyan/CodeSmith All/OSP/redisee/client/components/BasicActivities/Keyspace.jsx","statementMap":{"0":{"start":{"line":21,"column":19},"end":{"line":21,"column":71}},"1":{"start":{"line":21,"column":42},"end":{"line":21,"column":70}},"2":{"start":{"line":22,"column":2},"end":{"line":22,"column":24}},"3":{"start":{"line":23,"column":2},"end":{"line":40,"column":4}}},"fnMap":{"0":{"name":"Latency","decl":{"start":{"line":20,"column":24},"end":{"line":20,"column":31}},"loc":{"start":{"line":20,"column":34},"end":{"line":41,"column":1}},"line":20},"1":{"name":"(anonymous_1)","decl":{"start":{"line":21,"column":31},"end":{"line":21,"column":32}},"loc":{"start":{"line":21,"column":42},"end":{"line":21,"column":70}},"line":21}},"branchMap":{},"s":{"0":0,"1":0,"2":0,"3":0},"f":{"0":0,"1":0},"b":{},"_coverageSchema":"1a1c01bbd47fc00a2c39e90264f33305004495a9","hash":"f72a57665e17e9acb60f79ce6726c38407545afc"}
,"/Users/garrettyan/CodeSmith All/OSP/redisee/client/components/Errors/ErrorsPage.jsx": {"path":"/Users/garrettyan/CodeSmith All/OSP/redisee/client/components/Errors/ErrorsPage.jsx","statementMap":{"0":{"start":{"line":14,"column":19},"end":{"line":39,"column":1}},"1":{"start":{"line":15,"column":19},"end":{"line":15,"column":32}},"2":{"start":{"line":16,"column":18},"end":{"line":16,"column":61}},"3":{"start":{"line":16,"column":41},"end":{"line":16,"column":60}},"4":{"start":{"line":17,"column":23},"end":{"line":17,"column":72}},"5":{"start":{"line":17,"column":46},"end":{"line":17,"column":71}},"6":{"start":{"line":19,"column":14},"end":{"line":19,"column":59}},"7":{"start":{"line":20,"column":2},"end":{"line":25,"column":9}},"8":{"start":{"line":21,"column":21},"end":{"line":23,"column":12}},"9":{"start":{"line":22,"column":6},"end":{"line":22,"column":32}},"10":{"start":{"line":24,"column":4},"end":{"line":24,"column":41}},"11":{"start":{"line":24,"column":17},"end":{"line":24,"column":40}},"12":{"start":{"line":27,"column":2},"end":{"line":38,"column":4}}},"fnMap":{"0":{"name":"(anonymous_0)","decl":{"start":{"line":14,"column":19},"end":{"line":14,"column":20}},"loc":{"start":{"line":14,"column":30},"end":{"line":39,"column":1}},"line":14},"1":{"name":"(anonymous_1)","decl":{"start":{"line":16,"column":30},"end":{"line":16,"column":31}},"loc":{"start":{"line":16,"column":41},"end":{"line":16,"column":60}},"line":16},"2":{"name":"(anonymous_2)","decl":{"start":{"line":17,"column":35},"end":{"line":17,"column":36}},"loc":{"start":{"line":17,"column":46},"end":{"line":17,"column":71}},"line":17},"3":{"name":"(anonymous_3)","decl":{"start":{"line":20,"column":12},"end":{"line":20,"column":13}},"loc":{"start":{"line":20,"column":18},"end":{"line":25,"column":3}},"line":20},"4":{"name":"(anonymous_4)","decl":{"start":{"line":21,"column":33},"end":{"line":21,"column":34}},"loc":{"start":{"line":21,"column":39},"end":{"line":23,"column":5}},"line":21},"5":{"name":"(anonymous_5)","decl":{"start":{"line":24,"column":11},"end":{"line":24,"column":12}},"loc":{"start":{"line":24,"column":17},"end":{"line":24,"column":40}},"line":24}},"branchMap":{"0":{"loc":{"start":{"line":29,"column":7},"end":{"line":36,"column":7}},"type":"cond-expr","locations":[{"start":{"line":30,"column":8},"end":{"line":30,"column":28}},{"start":{"line":32,"column":8},"end":{"line":35,"column":20}}],"line":29}},"s":{"0":1,"1":0,"2":0,"3":0,"4":0,"5":0,"6":0,"7":0,"8":0,"9":0,"10":0,"11":0,"12":0},"f":{"0":0,"1":0,"2":0,"3":0,"4":0,"5":0},"b":{"0":[0,0]},"_coverageSchema":"1a1c01bbd47fc00a2c39e90264f33305004495a9","hash":"941f007628ee3521fc10a53fd18e5e7c631b20b7"}
,"/Users/garrettyan/CodeSmith All/OSP/redisee/client/components/Errors/RejectedConnections.jsx": {"path":"/Users/garrettyan/CodeSmith All/OSP/redisee/client/components/Errors/RejectedConnections.jsx","statementMap":{"0":{"start":{"line":20,"column":30},"end":{"line":22,"column":3}},"1":{"start":{"line":21,"column":15},"end":{"line":21,"column":47}},"2":{"start":{"line":23,"column":2},"end":{"line":46,"column":4}}},"fnMap":{"0":{"name":"RejectedConnections","decl":{"start":{"line":19,"column":24},"end":{"line":19,"column":43}},"loc":{"start":{"line":19,"column":46},"end":{"line":47,"column":1}},"line":19},"1":{"name":"(anonymous_1)","decl":{"start":{"line":21,"column":4},"end":{"line":21,"column":5}},"loc":{"start":{"line":21,"column":15},"end":{"line":21,"column":47}},"line":21}},"branchMap":{},"s":{"0":0,"1":0,"2":0},"f":{"0":0,"1":0},"b":{},"_coverageSchema":"1a1c01bbd47fc00a2c39e90264f33305004495a9","hash":"a80e4819b6eacbb25a4d50ddb5059668f42e8381"}
,"/Users/garrettyan/CodeSmith All/OSP/redisee/client/components/Errors/keyspaceMisses.jsx": {"path":"/Users/garrettyan/CodeSmith All/OSP/redisee/client/components/Errors/keyspaceMisses.jsx","statementMap":{"0":{"start":{"line":20,"column":2},"end":{"line":20,"column":34}},"1":{"start":{"line":22,"column":25},"end":{"line":22,"column":76}},"2":{"start":{"line":22,"column":48},"end":{"line":22,"column":75}},"3":{"start":{"line":24,"column":2},"end":{"line":24,"column":54}},"4":{"start":{"line":25,"column":2},"end":{"line":48,"column":4}}},"fnMap":{"0":{"name":"KeyspaceMisses","decl":{"start":{"line":19,"column":24},"end":{"line":19,"column":38}},"loc":{"start":{"line":19,"column":41},"end":{"line":49,"column":1}},"line":19},"1":{"name":"(anonymous_1)","decl":{"start":{"line":22,"column":37},"end":{"line":22,"column":38}},"loc":{"start":{"line":22,"column":48},"end":{"line":22,"column":75}},"line":22}},"branchMap":{},"s":{"0":0,"1":0,"2":0,"3":0,"4":0},"f":{"0":0,"1":0},"b":{},"_coverageSchema":"1a1c01bbd47fc00a2c39e90264f33305004495a9","hash":"9e67e94c0fac59eeb7bcbdf11761131631408e01"}
,"/Users/garrettyan/CodeSmith All/OSP/redisee/client/components/InstanceBar/InstanceBar.jsx": {"path":"/Users/garrettyan/CodeSmith All/OSP/redisee/client/components/InstanceBar/InstanceBar.jsx","statementMap":{"0":{"start":{"line":25,"column":20},"end":{"line":80,"column":1}},"1":{"start":{"line":26,"column":19},"end":{"line":26,"column":32}},"2":{"start":{"line":27,"column":17},"end":{"line":27,"column":28}},"3":{"start":{"line":30,"column":2},"end":{"line":32,"column":9}},"4":{"start":{"line":31,"column":4},"end":{"line":31,"column":29}},"5":{"start":{"line":34,"column":20},"end":{"line":34,"column":64}},"6":{"start":{"line":34,"column":43},"end":{"line":34,"column":63}},"7":{"start":{"line":35,"column":15},"end":{"line":35,"column":60}},"8":{"start":{"line":35,"column":38},"end":{"line":35,"column":59}},"9":{"start":{"line":36,"column":25},"end":{"line":36,"column":74}},"10":{"start":{"line":36,"column":48},"end":{"line":36,"column":73}},"11":{"start":{"line":38,"column":20},"end":{"line":38,"column":22}},"12":{"start":{"line":40,"column":2},"end":{"line":63,"column":3}},"13":{"start":{"line":40,"column":15},"end":{"line":40,"column":16}},"14":{"start":{"line":41,"column":4},"end":{"line":62,"column":6}},"15":{"start":{"line":48,"column":12},"end":{"line":48,"column":49}},"16":{"start":{"line":56,"column":12},"end":{"line":56,"column":46}},"17":{"start":{"line":65,"column":2},"end":{"line":79,"column":4}},"18":{"start":{"line":69,"column":32},"end":{"line":69,"column":52}},"19":{"start":{"line":73,"column":10},"end":{"line":73,"column":33}}},"fnMap":{"0":{"name":"(anonymous_0)","decl":{"start":{"line":25,"column":20},"end":{"line":25,"column":21}},"loc":{"start":{"line":25,"column":26},"end":{"line":80,"column":1}},"line":25},"1":{"name":"(anonymous_1)","decl":{"start":{"line":30,"column":12},"end":{"line":30,"column":13}},"loc":{"start":{"line":30,"column":18},"end":{"line":32,"column":3}},"line":30},"2":{"name":"(anonymous_2)","decl":{"start":{"line":34,"column":32},"end":{"line":34,"column":33}},"loc":{"start":{"line":34,"column":43},"end":{"line":34,"column":63}},"line":34},"3":{"name":"(anonymous_3)","decl":{"start":{"line":35,"column":27},"end":{"line":35,"column":28}},"loc":{"start":{"line":35,"column":38},"end":{"line":35,"column":59}},"line":35},"4":{"name":"(anonymous_4)","decl":{"start":{"line":36,"column":37},"end":{"line":36,"column":38}},"loc":{"start":{"line":36,"column":48},"end":{"line":36,"column":73}},"line":36},"5":{"name":"(anonymous_5)","decl":{"start":{"line":47,"column":19},"end":{"line":47,"column":20}},"loc":{"start":{"line":47,"column":25},"end":{"line":49,"column":11}},"line":47},"6":{"name":"(anonymous_6)","decl":{"start":{"line":55,"column":19},"end":{"line":55,"column":20}},"loc":{"start":{"line":55,"column":25},"end":{"line":57,"column":11}},"line":55},"7":{"name":"(anonymous_7)","decl":{"start":{"line":69,"column":26},"end":{"line":69,"column":27}},"loc":{"start":{"line":69,"column":32},"end":{"line":69,"column":52}},"line":69},"8":{"name":"(anonymous_8)","decl":{"start":{"line":72,"column":17},"end":{"line":72,"column":18}},"loc":{"start":{"line":72,"column":23},"end":{"line":74,"column":9}},"line":72}},"branchMap":{"0":{"loc":{"start":{"line":50,"column":19},"end":{"line":50,"column":58}},"type":"binary-expr","locations":[{"start":{"line":50,"column":19},"end":{"line":50,"column":50}},{"start":{"line":50,"column":54},"end":{"line":50,"column":58}}],"line":50},"1":{"loc":{"start":{"line":70,"column":7},"end":{"line":70,"column":29}},"type":"cond-expr","locations":[{"start":{"line":70,"column":14},"end":{"line":70,"column":22}},{"start":{"line":70,"column":25},"end":{"line":70,"column":29}}],"line":70}},"s":{"0":1,"1":0,"2":0,"3":0,"4":0,"5":0,"6":0,"7":0,"8":0,"9":0,"10":0,"11":0,"12":0,"13":0,"14":0,"15":0,"16":0,"17":0,"18":0,"19":0},"f":{"0":0,"1":0,"2":0,"3":0,"4":0,"5":0,"6":0,"7":0,"8":0},"b":{"0":[0,0],"1":[0,0]},"_coverageSchema":"1a1c01bbd47fc00a2c39e90264f33305004495a9","hash":"1aacee75fbd3fc1963043bdaf6fe58e77b9407fc"}
,"/Users/garrettyan/CodeSmith All/OSP/redisee/client/components/Memory/EvictedKeys.jsx": {"path":"/Users/garrettyan/CodeSmith All/OSP/redisee/client/components/Memory/EvictedKeys.jsx","statementMap":{"0":{"start":{"line":19,"column":20},"end":{"line":54,"column":1}},"1":{"start":{"line":20,"column":22},"end":{"line":20,"column":71}},"2":{"start":{"line":20,"column":45},"end":{"line":20,"column":70}},"3":{"start":{"line":21,"column":2},"end":{"line":53,"column":4}}},"fnMap":{"0":{"name":"(anonymous_0)","decl":{"start":{"line":19,"column":20},"end":{"line":19,"column":21}},"loc":{"start":{"line":19,"column":31},"end":{"line":54,"column":1}},"line":19},"1":{"name":"(anonymous_1)","decl":{"start":{"line":20,"column":34},"end":{"line":20,"column":35}},"loc":{"start":{"line":20,"column":45},"end":{"line":20,"column":70}},"line":20}},"branchMap":{},"s":{"0":1,"1":0,"2":0,"3":0},"f":{"0":0,"1":0},"b":{},"_coverageSchema":"1a1c01bbd47fc00a2c39e90264f33305004495a9","hash":"33b79dd1f3c9548b5c3e6badd2b3231978f9d448"}
,"/Users/garrettyan/CodeSmith All/OSP/redisee/client/components/Memory/FragRatioGraph.jsx": {"path":"/Users/garrettyan/CodeSmith All/OSP/redisee/client/components/Memory/FragRatioGraph.jsx","statementMap":{"0":{"start":{"line":19,"column":23},"end":{"line":56,"column":1}},"1":{"start":{"line":20,"column":27},"end":{"line":22,"column":3}},"2":{"start":{"line":21,"column":15},"end":{"line":21,"column":51}},"3":{"start":{"line":24,"column":2},"end":{"line":55,"column":4}}},"fnMap":{"0":{"name":"(anonymous_0)","decl":{"start":{"line":19,"column":23},"end":{"line":19,"column":24}},"loc":{"start":{"line":19,"column":34},"end":{"line":56,"column":1}},"line":19},"1":{"name":"(anonymous_1)","decl":{"start":{"line":21,"column":4},"end":{"line":21,"column":5}},"loc":{"start":{"line":21,"column":15},"end":{"line":21,"column":51}},"line":21}},"branchMap":{},"s":{"0":1,"1":0,"2":0,"3":0},"f":{"0":0,"1":0},"b":{},"_coverageSchema":"1a1c01bbd47fc00a2c39e90264f33305004495a9","hash":"a6b00eba9364f7bf2a2f1c5ba753f864cfcccdcf"}
,"/Users/garrettyan/CodeSmith All/OSP/redisee/client/components/Memory/MemoryPage.jsx": {"path":"/Users/garrettyan/CodeSmith All/OSP/redisee/client/components/Memory/MemoryPage.jsx","statementMap":{"0":{"start":{"line":15,"column":19},"end":{"line":40,"column":1}},"1":{"start":{"line":16,"column":19},"end":{"line":16,"column":32}},"2":{"start":{"line":17,"column":18},"end":{"line":17,"column":62}},"3":{"start":{"line":17,"column":41},"end":{"line":17,"column":61}},"4":{"start":{"line":18,"column":23},"end":{"line":18,"column":72}},"5":{"start":{"line":18,"column":46},"end":{"line":18,"column":71}},"6":{"start":{"line":19,"column":18},"end":{"line":19,"column":62}},"7":{"start":{"line":19,"column":41},"end":{"line":19,"column":61}},"8":{"start":{"line":21,"column":14},"end":{"line":21,"column":60}},"9":{"start":{"line":22,"column":2},"end":{"line":29,"column":9}},"10":{"start":{"line":23,"column":21},"end":{"line":25,"column":12}},"11":{"start":{"line":24,"column":6},"end":{"line":24,"column":31}},"12":{"start":{"line":26,"column":4},"end":{"line":28,"column":6}},"13":{"start":{"line":27,"column":6},"end":{"line":27,"column":30}},"14":{"start":{"line":31,"column":2},"end":{"line":39,"column":6}},"15":{"start":{"line":31,"column":15},"end":{"line":31,"column":43}},"16":{"start":{"line":33,"column":4},"end":{"line":39,"column":6}}},"fnMap":{"0":{"name":"(anonymous_0)","decl":{"start":{"line":15,"column":19},"end":{"line":15,"column":20}},"loc":{"start":{"line":15,"column":30},"end":{"line":40,"column":1}},"line":15},"1":{"name":"(anonymous_1)","decl":{"start":{"line":17,"column":30},"end":{"line":17,"column":31}},"loc":{"start":{"line":17,"column":41},"end":{"line":17,"column":61}},"line":17},"2":{"name":"(anonymous_2)","decl":{"start":{"line":18,"column":35},"end":{"line":18,"column":36}},"loc":{"start":{"line":18,"column":46},"end":{"line":18,"column":71}},"line":18},"3":{"name":"(anonymous_3)","decl":{"start":{"line":19,"column":30},"end":{"line":19,"column":31}},"loc":{"start":{"line":19,"column":41},"end":{"line":19,"column":61}},"line":19},"4":{"name":"(anonymous_4)","decl":{"start":{"line":22,"column":12},"end":{"line":22,"column":13}},"loc":{"start":{"line":22,"column":18},"end":{"line":29,"column":3}},"line":22},"5":{"name":"(anonymous_5)","decl":{"start":{"line":23,"column":33},"end":{"line":23,"column":34}},"loc":{"start":{"line":23,"column":39},"end":{"line":25,"column":5}},"line":23},"6":{"name":"(anonymous_6)","decl":{"start":{"line":26,"column":11},"end":{"line":26,"column":12}},"loc":{"start":{"line":26,"column":17},"end":{"line":28,"column":5}},"line":26}},"branchMap":{"0":{"loc":{"start":{"line":31,"column":2},"end":{"line":39,"column":6}},"type":"if","locations":[{"start":{"line":31,"column":2},"end":{"line":39,"column":6}},{"start":{"line":33,"column":4},"end":{"line":39,"column":6}}],"line":31}},"s":{"0":1,"1":0,"2":0,"3":0,"4":0,"5":0,"6":0,"7":0,"8":0,"9":0,"10":0,"11":0,"12":0,"13":0,"14":0,"15":0,"16":0},"f":{"0":0,"1":0,"2":0,"3":0,"4":0,"5":0,"6":0},"b":{"0":[0,0]},"_coverageSchema":"1a1c01bbd47fc00a2c39e90264f33305004495a9","hash":"d6f35d08827ca50aa02d2b15babd1f53b8cfacee"}
,"/Users/garrettyan/CodeSmith All/OSP/redisee/client/components/Memory/UsedMemoryGraph.jsx": {"path":"/Users/garrettyan/CodeSmith All/OSP/redisee/client/components/Memory/UsedMemoryGraph.jsx","statementMap":{"0":{"start":{"line":20,"column":24},"end":{"line":54,"column":1}},"1":{"start":{"line":21,"column":21},"end":{"line":21,"column":69}},"2":{"start":{"line":21,"column":44},"end":{"line":21,"column":68}},"3":{"start":{"line":22,"column":2},"end":{"line":53,"column":4}}},"fnMap":{"0":{"name":"(anonymous_0)","decl":{"start":{"line":20,"column":24},"end":{"line":20,"column":25}},"loc":{"start":{"line":20,"column":30},"end":{"line":54,"column":1}},"line":20},"1":{"name":"(anonymous_1)","decl":{"start":{"line":21,"column":33},"end":{"line":21,"column":34}},"loc":{"start":{"line":21,"column":44},"end":{"line":21,"column":68}},"line":21}},"branchMap":{},"s":{"0":1,"1":0,"2":0,"3":0},"f":{"0":0,"1":0},"b":{},"_coverageSchema":"1a1c01bbd47fc00a2c39e90264f33305004495a9","hash":"c6569c00b98bf14ea32ed338d80d728b6069d8fe"}
,"/Users/garrettyan/CodeSmith All/OSP/redisee/client/components/Performance/HitRate.jsx": {"path":"/Users/garrettyan/CodeSmith All/OSP/redisee/client/components/Performance/HitRate.jsx","statementMap":{"0":{"start":{"line":12,"column":18},"end":{"line":12,"column":67}},"1":{"start":{"line":12,"column":41},"end":{"line":12,"column":66}},"2":{"start":{"line":13,"column":16},"end":{"line":13,"column":63}},"3":{"start":{"line":13,"column":39},"end":{"line":13,"column":62}},"4":{"start":{"line":14,"column":23},"end":{"line":14,"column":47}},"5":{"start":{"line":16,"column":2},"end":{"line":35,"column":4}}},"fnMap":{"0":{"name":"App","decl":{"start":{"line":11,"column":24},"end":{"line":11,"column":27}},"loc":{"start":{"line":11,"column":30},"end":{"line":36,"column":1}},"line":11},"1":{"name":"(anonymous_1)","decl":{"start":{"line":12,"column":30},"end":{"line":12,"column":31}},"loc":{"start":{"line":12,"column":41},"end":{"line":12,"column":66}},"line":12},"2":{"name":"(anonymous_2)","decl":{"start":{"line":13,"column":28},"end":{"line":13,"column":29}},"loc":{"start":{"line":13,"column":39},"end":{"line":13,"column":62}},"line":13}},"branchMap":{},"s":{"0":0,"1":0,"2":0,"3":0,"4":0,"5":0},"f":{"0":0,"1":0,"2":0},"b":{},"_coverageSchema":"1a1c01bbd47fc00a2c39e90264f33305004495a9","hash":"72ee127d68bcb06d87f4c47d1b5346fd6526f1de"}
,"/Users/garrettyan/CodeSmith All/OSP/redisee/client/components/Performance/Iops.jsx": {"path":"/Users/garrettyan/CodeSmith All/OSP/redisee/client/components/Performance/Iops.jsx","statementMap":{"0":{"start":{"line":21,"column":15},"end":{"line":21,"column":61}},"1":{"start":{"line":21,"column":38},"end":{"line":21,"column":60}},"2":{"start":{"line":22,"column":2},"end":{"line":53,"column":4}}},"fnMap":{"0":{"name":"Iops","decl":{"start":{"line":20,"column":24},"end":{"line":20,"column":28}},"loc":{"start":{"line":20,"column":31},"end":{"line":54,"column":1}},"line":20},"1":{"name":"(anonymous_1)","decl":{"start":{"line":21,"column":27},"end":{"line":21,"column":28}},"loc":{"start":{"line":21,"column":38},"end":{"line":21,"column":60}},"line":21}},"branchMap":{},"s":{"0":0,"1":0,"2":0},"f":{"0":0,"1":0},"b":{},"_coverageSchema":"1a1c01bbd47fc00a2c39e90264f33305004495a9","hash":"faaceab037a5c35344ab6eb5531697b3b0a72908"}
,"/Users/garrettyan/CodeSmith All/OSP/redisee/client/components/Performance/Latency.jsx": {"path":"/Users/garrettyan/CodeSmith All/OSP/redisee/client/components/Performance/Latency.jsx","statementMap":{"0":{"start":{"line":22,"column":18},"end":{"line":22,"column":67}},"1":{"start":{"line":22,"column":41},"end":{"line":22,"column":66}},"2":{"start":{"line":23,"column":2},"end":{"line":23,"column":23}},"3":{"start":{"line":24,"column":2},"end":{"line":43,"column":4}}},"fnMap":{"0":{"name":"Latency","decl":{"start":{"line":21,"column":24},"end":{"line":21,"column":31}},"loc":{"start":{"line":21,"column":34},"end":{"line":44,"column":1}},"line":21},"1":{"name":"(anonymous_1)","decl":{"start":{"line":22,"column":30},"end":{"line":22,"column":31}},"loc":{"start":{"line":22,"column":41},"end":{"line":22,"column":66}},"line":22}},"branchMap":{},"s":{"0":0,"1":0,"2":0,"3":0},"f":{"0":0,"1":0},"b":{},"_coverageSchema":"1a1c01bbd47fc00a2c39e90264f33305004495a9","hash":"88217e2ebcfab4a5a617b94785e34cd758024155"}
,"/Users/garrettyan/CodeSmith All/OSP/redisee/client/components/Performance/PerformancePage.jsx": {"path":"/Users/garrettyan/CodeSmith All/OSP/redisee/client/components/Performance/PerformancePage.jsx","statementMap":{"0":{"start":{"line":15,"column":24},"end":{"line":42,"column":1}},"1":{"start":{"line":16,"column":19},"end":{"line":16,"column":32}},"2":{"start":{"line":18,"column":18},"end":{"line":18,"column":67}},"3":{"start":{"line":18,"column":41},"end":{"line":18,"column":66}},"4":{"start":{"line":19,"column":23},"end":{"line":19,"column":72}},"5":{"start":{"line":19,"column":46},"end":{"line":19,"column":71}},"6":{"start":{"line":21,"column":14},"end":{"line":21,"column":65}},"7":{"start":{"line":22,"column":2},"end":{"line":27,"column":9}},"8":{"start":{"line":23,"column":21},"end":{"line":25,"column":12}},"9":{"start":{"line":24,"column":6},"end":{"line":24,"column":42}},"10":{"start":{"line":26,"column":4},"end":{"line":26,"column":41}},"11":{"start":{"line":26,"column":17},"end":{"line":26,"column":40}},"12":{"start":{"line":29,"column":2},"end":{"line":41,"column":4}}},"fnMap":{"0":{"name":"(anonymous_0)","decl":{"start":{"line":15,"column":24},"end":{"line":15,"column":25}},"loc":{"start":{"line":15,"column":30},"end":{"line":42,"column":1}},"line":15},"1":{"name":"(anonymous_1)","decl":{"start":{"line":18,"column":30},"end":{"line":18,"column":31}},"loc":{"start":{"line":18,"column":41},"end":{"line":18,"column":66}},"line":18},"2":{"name":"(anonymous_2)","decl":{"start":{"line":19,"column":35},"end":{"line":19,"column":36}},"loc":{"start":{"line":19,"column":46},"end":{"line":19,"column":71}},"line":19},"3":{"name":"(anonymous_3)","decl":{"start":{"line":22,"column":12},"end":{"line":22,"column":13}},"loc":{"start":{"line":22,"column":18},"end":{"line":27,"column":3}},"line":22},"4":{"name":"(anonymous_4)","decl":{"start":{"line":23,"column":33},"end":{"line":23,"column":34}},"loc":{"start":{"line":23,"column":39},"end":{"line":25,"column":5}},"line":23},"5":{"name":"(anonymous_5)","decl":{"start":{"line":26,"column":11},"end":{"line":26,"column":12}},"loc":{"start":{"line":26,"column":17},"end":{"line":26,"column":40}},"line":26}},"branchMap":{"0":{"loc":{"start":{"line":31,"column":7},"end":{"line":39,"column":7}},"type":"cond-expr","locations":[{"start":{"line":32,"column":8},"end":{"line":32,"column":28}},{"start":{"line":34,"column":8},"end":{"line":38,"column":20}}],"line":31}},"s":{"0":1,"1":0,"2":0,"3":0,"4":0,"5":0,"6":0,"7":0,"8":0,"9":0,"10":0,"11":0,"12":0},"f":{"0":0,"1":0,"2":0,"3":0,"4":0,"5":0},"b":{"0":[0,0]},"_coverageSchema":"1a1c01bbd47fc00a2c39e90264f33305004495a9","hash":"c7b46b7877d46a511c427cb53ed9ce93ad27bdd8"}
,"/Users/garrettyan/CodeSmith All/OSP/redisee/client/components/Persistence/PersistencePage.jsx": {"path":"/Users/garrettyan/CodeSmith All/OSP/redisee/client/components/Persistence/PersistencePage.jsx","statementMap":{"0":{"start":{"line":14,"column":24},"end":{"line":39,"column":1}},"1":{"start":{"line":15,"column":19},"end":{"line":15,"column":32}},"2":{"start":{"line":16,"column":18},"end":{"line":16,"column":67}},"3":{"start":{"line":16,"column":41},"end":{"line":16,"column":66}},"4":{"start":{"line":17,"column":23},"end":{"line":17,"column":72}},"5":{"start":{"line":17,"column":46},"end":{"line":17,"column":71}},"6":{"start":{"line":19,"column":14},"end":{"line":19,"column":65}},"7":{"start":{"line":20,"column":2},"end":{"line":25,"column":9}},"8":{"start":{"line":21,"column":21},"end":{"line":23,"column":12}},"9":{"start":{"line":22,"column":6},"end":{"line":22,"column":39}},"10":{"start":{"line":24,"column":4},"end":{"line":24,"column":41}},"11":{"start":{"line":24,"column":17},"end":{"line":24,"column":40}},"12":{"start":{"line":27,"column":2},"end":{"line":38,"column":4}}},"fnMap":{"0":{"name":"(anonymous_0)","decl":{"start":{"line":14,"column":24},"end":{"line":14,"column":25}},"loc":{"start":{"line":14,"column":30},"end":{"line":39,"column":1}},"line":14},"1":{"name":"(anonymous_1)","decl":{"start":{"line":16,"column":30},"end":{"line":16,"column":31}},"loc":{"start":{"line":16,"column":41},"end":{"line":16,"column":66}},"line":16},"2":{"name":"(anonymous_2)","decl":{"start":{"line":17,"column":35},"end":{"line":17,"column":36}},"loc":{"start":{"line":17,"column":46},"end":{"line":17,"column":71}},"line":17},"3":{"name":"(anonymous_3)","decl":{"start":{"line":20,"column":12},"end":{"line":20,"column":13}},"loc":{"start":{"line":20,"column":18},"end":{"line":25,"column":3}},"line":20},"4":{"name":"(anonymous_4)","decl":{"start":{"line":21,"column":33},"end":{"line":21,"column":34}},"loc":{"start":{"line":21,"column":39},"end":{"line":23,"column":5}},"line":21},"5":{"name":"(anonymous_5)","decl":{"start":{"line":24,"column":11},"end":{"line":24,"column":12}},"loc":{"start":{"line":24,"column":17},"end":{"line":24,"column":40}},"line":24}},"branchMap":{"0":{"loc":{"start":{"line":29,"column":7},"end":{"line":36,"column":7}},"type":"cond-expr","locations":[{"start":{"line":30,"column":8},"end":{"line":30,"column":28}},{"start":{"line":32,"column":8},"end":{"line":35,"column":20}}],"line":29}},"s":{"0":1,"1":0,"2":0,"3":0,"4":0,"5":0,"6":0,"7":0,"8":0,"9":0,"10":0,"11":0,"12":0},"f":{"0":0,"1":0,"2":0,"3":0,"4":0,"5":0},"b":{"0":[0,0]},"_coverageSchema":"1a1c01bbd47fc00a2c39e90264f33305004495a9","hash":"8dffa645911da07f32a7814c5046afc2aed33532"}
,"/Users/garrettyan/CodeSmith All/OSP/redisee/client/components/Persistence/Rcslt.jsx": {"path":"/Users/garrettyan/CodeSmith All/OSP/redisee/client/components/Persistence/Rcslt.jsx","statementMap":{"0":{"start":{"line":22,"column":16},"end":{"line":22,"column":63}},"1":{"start":{"line":22,"column":39},"end":{"line":22,"column":62}},"2":{"start":{"line":23,"column":2},"end":{"line":42,"column":4}}},"fnMap":{"0":{"name":"Rcslt","decl":{"start":{"line":21,"column":24},"end":{"line":21,"column":29}},"loc":{"start":{"line":21,"column":32},"end":{"line":43,"column":1}},"line":21},"1":{"name":"(anonymous_1)","decl":{"start":{"line":22,"column":28},"end":{"line":22,"column":29}},"loc":{"start":{"line":22,"column":39},"end":{"line":22,"column":62}},"line":22}},"branchMap":{},"s":{"0":0,"1":0,"2":0},"f":{"0":0,"1":0},"b":{},"_coverageSchema":"1a1c01bbd47fc00a2c39e90264f33305004495a9","hash":"a2c6953d2fa12985add0fd6ab20878463b339a51"}
,"/Users/garrettyan/CodeSmith All/OSP/redisee/client/components/Persistence/Rlst.jsx": {"path":"/Users/garrettyan/CodeSmith All/OSP/redisee/client/components/Persistence/Rlst.jsx","statementMap":{"0":{"start":{"line":22,"column":15},"end":{"line":22,"column":61}},"1":{"start":{"line":22,"column":38},"end":{"line":22,"column":60}},"2":{"start":{"line":23,"column":2},"end":{"line":41,"column":4}}},"fnMap":{"0":{"name":"Rlst","decl":{"start":{"line":21,"column":24},"end":{"line":21,"column":28}},"loc":{"start":{"line":21,"column":31},"end":{"line":42,"column":1}},"line":21},"1":{"name":"(anonymous_1)","decl":{"start":{"line":22,"column":27},"end":{"line":22,"column":28}},"loc":{"start":{"line":22,"column":38},"end":{"line":22,"column":60}},"line":22}},"branchMap":{},"s":{"0":0,"1":0,"2":0},"f":{"0":0,"1":0},"b":{},"_coverageSchema":"1a1c01bbd47fc00a2c39e90264f33305004495a9","hash":"67c5bf23bc13833cecbd8add1526b77f58c5938d"}
,"/Users/garrettyan/CodeSmith All/OSP/redisee/client/components/StyledComponents/Form.js": {"path":"/Users/garrettyan/CodeSmith All/OSP/redisee/client/components/StyledComponents/Form.js","statementMap":{"0":{"start":{"line":4,"column":25},"end":{"line":27,"column":1}},"1":{"start":{"line":29,"column":21},"end":{"line":38,"column":1}},"2":{"start":{"line":34,"column":27},"end":{"line":34,"column":57}},"3":{"start":{"line":36,"column":29},"end":{"line":36,"column":59}},"4":{"start":{"line":40,"column":25},"end":{"line":50,"column":1}},"5":{"start":{"line":45,"column":37},"end":{"line":45,"column":52}},"6":{"start":{"line":47,"column":39},"end":{"line":47,"column":54}}},"fnMap":{"0":{"name":"(anonymous_0)","decl":{"start":{"line":34,"column":12},"end":{"line":34,"column":13}},"loc":{"start":{"line":34,"column":27},"end":{"line":34,"column":57}},"line":34},"1":{"name":"(anonymous_1)","decl":{"start":{"line":36,"column":14},"end":{"line":36,"column":15}},"loc":{"start":{"line":36,"column":29},"end":{"line":36,"column":59}},"line":36},"2":{"name":"(anonymous_2)","decl":{"start":{"line":45,"column":22},"end":{"line":45,"column":23}},"loc":{"start":{"line":45,"column":37},"end":{"line":45,"column":52}},"line":45},"3":{"name":"(anonymous_3)","decl":{"start":{"line":47,"column":24},"end":{"line":47,"column":25}},"loc":{"start":{"line":47,"column":39},"end":{"line":47,"column":54}},"line":47}},"branchMap":{},"s":{"0":1,"1":1,"2":0,"3":0,"4":1,"5":0,"6":0},"f":{"0":0,"1":0,"2":0,"3":0},"b":{},"_coverageSchema":"1a1c01bbd47fc00a2c39e90264f33305004495a9","hash":"e730457a7078ec2d371ea0ac3b7710b40ac0a89e"}
,"/Users/garrettyan/CodeSmith All/OSP/redisee/client/components/StyledComponents/GlobalStyle.js": {"path":"/Users/garrettyan/CodeSmith All/OSP/redisee/client/components/StyledComponents/GlobalStyle.js","statementMap":{"0":{"start":{"line":5,"column":27},"end":{"line":15,"column":1}},"1":{"start":{"line":7,"column":33},"end":{"line":7,"column":46}},"2":{"start":{"line":8,"column":28},"end":{"line":8,"column":45}},"3":{"start":{"line":17,"column":22},"end":{"line":40,"column":1}},"4":{"start":{"line":25,"column":4},"end":{"line":25,"column":67}},"5":{"start":{"line":31,"column":4},"end":{"line":31,"column":50}},"6":{"start":{"line":33,"column":39},"end":{"line":33,"column":54}},"7":{"start":{"line":34,"column":28},"end":{"line":34,"column":43}},"8":{"start":{"line":37,"column":39},"end":{"line":37,"column":54}}},"fnMap":{"0":{"name":"(anonymous_0)","decl":{"start":{"line":7,"column":18},"end":{"line":7,"column":19}},"loc":{"start":{"line":7,"column":33},"end":{"line":7,"column":46}},"line":7},"1":{"name":"(anonymous_1)","decl":{"start":{"line":8,"column":13},"end":{"line":8,"column":14}},"loc":{"start":{"line":8,"column":28},"end":{"line":8,"column":45}},"line":8},"2":{"name":"(anonymous_2)","decl":{"start":{"line":24,"column":11},"end":{"line":24,"column":12}},"loc":{"start":{"line":25,"column":4},"end":{"line":25,"column":67}},"line":25},"3":{"name":"(anonymous_3)","decl":{"start":{"line":30,"column":22},"end":{"line":30,"column":23}},"loc":{"start":{"line":31,"column":4},"end":{"line":31,"column":50}},"line":31},"4":{"name":"(anonymous_4)","decl":{"start":{"line":33,"column":24},"end":{"line":33,"column":25}},"loc":{"start":{"line":33,"column":39},"end":{"line":33,"column":54}},"line":33},"5":{"name":"(anonymous_5)","decl":{"start":{"line":34,"column":13},"end":{"line":34,"column":14}},"loc":{"start":{"line":34,"column":28},"end":{"line":34,"column":43}},"line":34},"6":{"name":"(anonymous_6)","decl":{"start":{"line":37,"column":24},"end":{"line":37,"column":25}},"loc":{"start":{"line":37,"column":39},"end":{"line":37,"column":54}},"line":37}},"branchMap":{"0":{"loc":{"start":{"line":25,"column":4},"end":{"line":25,"column":67}},"type":"cond-expr","locations":[{"start":{"line":25,"column":20},"end":{"line":25,"column":41}},{"start":{"line":25,"column":44},"end":{"line":25,"column":67}}],"line":25},"1":{"loc":{"start":{"line":31,"column":4},"end":{"line":31,"column":50}},"type":"cond-expr","locations":[{"start":{"line":31,"column":20},"end":{"line":31,"column":41}},{"start":{"line":31,"column":44},"end":{"line":31,"column":50}}],"line":31}},"s":{"0":1,"1":0,"2":0,"3":1,"4":0,"5":0,"6":0,"7":0,"8":0},"f":{"0":0,"1":0,"2":0,"3":0,"4":0,"5":0,"6":0},"b":{"0":[0,0],"1":[0,0]},"_coverageSchema":"1a1c01bbd47fc00a2c39e90264f33305004495a9","hash":"aa98d53b7609cdca81164c02dafa866971fbc8da"}
,"/Users/garrettyan/CodeSmith All/OSP/redisee/client/components/StyledComponents/GraphGrid.js": {"path":"/Users/garrettyan/CodeSmith All/OSP/redisee/client/components/StyledComponents/GraphGrid.js","statementMap":{"0":{"start":{"line":3,"column":15},"end":{"line":10,"column":1}},"1":{"start":{"line":12,"column":25},"end":{"line":23,"column":1}},"2":{"start":{"line":25,"column":24},"end":{"line":30,"column":1}},"3":{"start":{"line":32,"column":25},"end":{"line":37,"column":1}},"4":{"start":{"line":33,"column":37},"end":{"line":33,"column":52}},"5":{"start":{"line":38,"column":25},"end":{"line":44,"column":1}},"6":{"start":{"line":39,"column":37},"end":{"line":39,"column":52}}},"fnMap":{"0":{"name":"(anonymous_0)","decl":{"start":{"line":33,"column":22},"end":{"line":33,"column":23}},"loc":{"start":{"line":33,"column":37},"end":{"line":33,"column":52}},"line":33},"1":{"name":"(anonymous_1)","decl":{"start":{"line":39,"column":22},"end":{"line":39,"column":23}},"loc":{"start":{"line":39,"column":37},"end":{"line":39,"column":52}},"line":39}},"branchMap":{},"s":{"0":1,"1":1,"2":1,"3":1,"4":0,"5":1,"6":0},"f":{"0":0,"1":0},"b":{},"_coverageSchema":"1a1c01bbd47fc00a2c39e90264f33305004495a9","hash":"a3dbc1b165a7331ebbcf2db5e358ce87ff54532b"}
,"/Users/garrettyan/CodeSmith All/OSP/redisee/client/components/StyledComponents/HomePage.js": {"path":"/Users/garrettyan/CodeSmith All/OSP/redisee/client/components/StyledComponents/HomePage.js","statementMap":{"0":{"start":{"line":4,"column":20},"end":{"line":29,"column":1}},"1":{"start":{"line":18,"column":28},"end":{"line":18,"column":43}},"2":{"start":{"line":23,"column":28},"end":{"line":23,"column":45}},"3":{"start":{"line":31,"column":26},"end":{"line":37,"column":1}},"4":{"start":{"line":33,"column":37},"end":{"line":33,"column":52}},"5":{"start":{"line":34,"column":26},"end":{"line":34,"column":39}}},"fnMap":{"0":{"name":"(anonymous_0)","decl":{"start":{"line":18,"column":13},"end":{"line":18,"column":14}},"loc":{"start":{"line":18,"column":28},"end":{"line":18,"column":43}},"line":18},"1":{"name":"(anonymous_1)","decl":{"start":{"line":23,"column":13},"end":{"line":23,"column":14}},"loc":{"start":{"line":23,"column":28},"end":{"line":23,"column":45}},"line":23},"2":{"name":"(anonymous_2)","decl":{"start":{"line":33,"column":22},"end":{"line":33,"column":23}},"loc":{"start":{"line":33,"column":37},"end":{"line":33,"column":52}},"line":33},"3":{"name":"(anonymous_3)","decl":{"start":{"line":34,"column":11},"end":{"line":34,"column":12}},"loc":{"start":{"line":34,"column":26},"end":{"line":34,"column":39}},"line":34}},"branchMap":{},"s":{"0":1,"1":0,"2":0,"3":1,"4":0,"5":0},"f":{"0":0,"1":0,"2":0,"3":0},"b":{},"_coverageSchema":"1a1c01bbd47fc00a2c39e90264f33305004495a9","hash":"d2f6d97cfd5cab65415040b4ce4f324f66d9ca06"}
,"/Users/garrettyan/CodeSmith All/OSP/redisee/client/components/StyledComponents/MessageModal.js": {"path":"/Users/garrettyan/CodeSmith All/OSP/redisee/client/components/StyledComponents/MessageModal.js","statementMap":{"0":{"start":{"line":3,"column":22},"end":{"line":3,"column":31}},"1":{"start":{"line":4,"column":23},"end":{"line":4,"column":32}},"2":{"start":{"line":5,"column":25},"end":{"line":5,"column":34}},"3":{"start":{"line":7,"column":16},"end":{"line":7,"column":25}},"4":{"start":{"line":8,"column":17},"end":{"line":8,"column":26}},"5":{"start":{"line":9,"column":19},"end":{"line":9,"column":28}},"6":{"start":{"line":11,"column":23},"end":{"line":38,"column":1}},"7":{"start":{"line":22,"column":4},"end":{"line":22,"column":47}},"8":{"start":{"line":22,"column":23},"end":{"line":22,"column":47}},"9":{"start":{"line":23,"column":4},"end":{"line":23,"column":42}},"10":{"start":{"line":23,"column":21},"end":{"line":23,"column":42}},"11":{"start":{"line":24,"column":4},"end":{"line":24,"column":45}},"12":{"start":{"line":24,"column":23},"end":{"line":24,"column":45}},"13":{"start":{"line":27,"column":4},"end":{"line":27,"column":41}},"14":{"start":{"line":27,"column":23},"end":{"line":27,"column":41}},"15":{"start":{"line":28,"column":4},"end":{"line":28,"column":36}},"16":{"start":{"line":28,"column":21},"end":{"line":28,"column":36}},"17":{"start":{"line":29,"column":4},"end":{"line":29,"column":39}},"18":{"start":{"line":29,"column":23},"end":{"line":29,"column":39}}},"fnMap":{"0":{"name":"(anonymous_0)","decl":{"start":{"line":21,"column":22},"end":{"line":21,"column":23}},"loc":{"start":{"line":21,"column":33},"end":{"line":25,"column":3}},"line":21},"1":{"name":"(anonymous_1)","decl":{"start":{"line":26,"column":11},"end":{"line":26,"column":12}},"loc":{"start":{"line":26,"column":22},"end":{"line":30,"column":3}},"line":26}},"branchMap":{"0":{"loc":{"start":{"line":22,"column":4},"end":{"line":22,"column":47}},"type":"if","locations":[{"start":{"line":22,"column":4},"end":{"line":22,"column":47}},{"start":{},"end":{}}],"line":22},"1":{"loc":{"start":{"line":23,"column":4},"end":{"line":23,"column":42}},"type":"if","locations":[{"start":{"line":23,"column":4},"end":{"line":23,"column":42}},{"start":{},"end":{}}],"line":23},"2":{"loc":{"start":{"line":24,"column":4},"end":{"line":24,"column":45}},"type":"if","locations":[{"start":{"line":24,"column":4},"end":{"line":24,"column":45}},{"start":{},"end":{}}],"line":24},"3":{"loc":{"start":{"line":27,"column":4},"end":{"line":27,"column":41}},"type":"if","locations":[{"start":{"line":27,"column":4},"end":{"line":27,"column":41}},{"start":{},"end":{}}],"line":27},"4":{"loc":{"start":{"line":28,"column":4},"end":{"line":28,"column":36}},"type":"if","locations":[{"start":{"line":28,"column":4},"end":{"line":28,"column":36}},{"start":{},"end":{}}],"line":28},"5":{"loc":{"start":{"line":29,"column":4},"end":{"line":29,"column":39}},"type":"if","locations":[{"start":{"line":29,"column":4},"end":{"line":29,"column":39}},{"start":{},"end":{}}],"line":29}},"s":{"0":1,"1":1,"2":1,"3":1,"4":1,"5":1,"6":1,"7":0,"8":0,"9":0,"10":0,"11":0,"12":0,"13":0,"14":0,"15":0,"16":0,"17":0,"18":0},"f":{"0":0,"1":0},"b":{"0":[0,0],"1":[0,0],"2":[0,0],"3":[0,0],"4":[0,0],"5":[0,0]},"_coverageSchema":"1a1c01bbd47fc00a2c39e90264f33305004495a9","hash":"f002cfb30214076ac4972e100615a6ec24bc3fab"}
,"/Users/garrettyan/CodeSmith All/OSP/redisee/client/components/StyledComponents/SideBar.js": {"path":"/Users/garrettyan/CodeSmith All/OSP/redisee/client/components/StyledComponents/SideBar.js","statementMap":{"0":{"start":{"line":16,"column":20},"end":{"line":32,"column":1}},"1":{"start":{"line":34,"column":29},"end":{"line":39,"column":1}},"2":{"start":{"line":36,"column":26},"end":{"line":36,"column":45}},"3":{"start":{"line":41,"column":20},"end":{"line":59,"column":1}},"4":{"start":{"line":52,"column":28},"end":{"line":52,"column":43}},"5":{"start":{"line":61,"column":28},"end":{"line":70,"column":1}},"6":{"start":{"line":72,"column":25},"end":{"line":84,"column":1}},"7":{"start":{"line":73,"column":37},"end":{"line":73,"column":52}},"8":{"start":{"line":81,"column":39},"end":{"line":81,"column":54}},"9":{"start":{"line":82,"column":28},"end":{"line":82,"column":41}},"10":{"start":{"line":85,"column":30},"end":{"line":98,"column":1}},"11":{"start":{"line":100,"column":31},"end":{"line":146,"column":1}},"12":{"start":{"line":148,"column":21},"end":{"line":148,"column":32}},"13":{"start":{"line":150,"column":23},"end":{"line":152,"column":1}},"14":{"start":{"line":154,"column":24},"end":{"line":156,"column":1}},"15":{"start":{"line":158,"column":26},"end":{"line":160,"column":1}},"16":{"start":{"line":162,"column":25},"end":{"line":164,"column":1}},"17":{"start":{"line":165,"column":31},"end":{"line":167,"column":1}},"18":{"start":{"line":168,"column":25},"end":{"line":170,"column":1}},"19":{"start":{"line":171,"column":27},"end":{"line":173,"column":1}},"20":{"start":{"line":175,"column":26},"end":{"line":181,"column":1}}},"fnMap":{"0":{"name":"(anonymous_0)","decl":{"start":{"line":36,"column":11},"end":{"line":36,"column":12}},"loc":{"start":{"line":36,"column":26},"end":{"line":36,"column":45}},"line":36},"1":{"name":"(anonymous_1)","decl":{"start":{"line":52,"column":13},"end":{"line":52,"column":14}},"loc":{"start":{"line":52,"column":28},"end":{"line":52,"column":43}},"line":52},"2":{"name":"(anonymous_2)","decl":{"start":{"line":73,"column":22},"end":{"line":73,"column":23}},"loc":{"start":{"line":73,"column":37},"end":{"line":73,"column":52}},"line":73},"3":{"name":"(anonymous_3)","decl":{"start":{"line":81,"column":24},"end":{"line":81,"column":25}},"loc":{"start":{"line":81,"column":39},"end":{"line":81,"column":54}},"line":81},"4":{"name":"(anonymous_4)","decl":{"start":{"line":82,"column":13},"end":{"line":82,"column":14}},"loc":{"start":{"line":82,"column":28},"end":{"line":82,"column":41}},"line":82}},"branchMap":{},"s":{"0":1,"1":1,"2":0,"3":1,"4":0,"5":1,"6":1,"7":0,"8":0,"9":0,"10":1,"11":1,"12":1,"13":1,"14":1,"15":1,"16":1,"17":1,"18":1,"19":1,"20":1},"f":{"0":0,"1":0,"2":0,"3":0,"4":0},"b":{},"_coverageSchema":"1a1c01bbd47fc00a2c39e90264f33305004495a9","hash":"a776939d667e52dde9ce754f8a36c10f9504f120"}
,"/Users/garrettyan/CodeSmith All/OSP/redisee/client/components/StyledComponents/Themes.js": {"path":"/Users/garrettyan/CodeSmith All/OSP/redisee/client/components/StyledComponents/Themes.js","statementMap":{"0":{"start":{"line":1,"column":26},"end":{"line":7,"column":1}},"1":{"start":{"line":9,"column":25},"end":{"line":15,"column":1}}},"fnMap":{},"branchMap":{},"s":{"0":1,"1":1},"f":{},"b":{},"_coverageSchema":"1a1c01bbd47fc00a2c39e90264f33305004495a9","hash":"5f282f5e054a932de01628e30e9d6167ea790b01"}
,"/Users/garrettyan/CodeSmith All/OSP/redisee/client/components/StyledComponents/variables.js": {"path":"/Users/garrettyan/CodeSmith All/OSP/redisee/client/components/StyledComponents/variables.js","statementMap":{"0":{"start":{"line":2,"column":27},"end":{"line":2,"column":36}},"1":{"start":{"line":3,"column":29},"end":{"line":3,"column":38}},"2":{"start":{"line":4,"column":27},"end":{"line":4,"column":36}},"3":{"start":{"line":5,"column":29},"end":{"line":5,"column":38}},"4":{"start":{"line":6,"column":26},"end":{"line":6,"column":35}},"5":{"start":{"line":7,"column":28},"end":{"line":7,"column":37}}},"fnMap":{},"branchMap":{},"s":{"0":1,"1":1,"2":1,"3":1,"4":1,"5":1},"f":{},"b":{},"_coverageSchema":"1a1c01bbd47fc00a2c39e90264f33305004495a9","hash":"daad1c667205c1b257742f7767bbcb2a8416a37c"}
,"/Users/garrettyan/CodeSmith All/OSP/redisee/client/redux/basicActivitySlice.js": {"path":"/Users/garrettyan/CodeSmith All/OSP/redisee/client/redux/basicActivitySlice.js","statementMap":{"0":{"start":{"line":7,"column":21},"end":{"line":13,"column":1}},"1":{"start":{"line":17,"column":34},"end":{"line":32,"column":1}},"2":{"start":{"line":17,"column":43},"end":{"line":32,"column":1}},"3":{"start":{"line":18,"column":2},"end":{"line":21,"column":3}},"4":{"start":{"line":19,"column":4},"end":{"line":19,"column":56}},"5":{"start":{"line":20,"column":4},"end":{"line":20,"column":56}},"6":{"start":{"line":22,"column":2},"end":{"line":31,"column":7}},"7":{"start":{"line":24,"column":19},"end":{"line":24,"column":27}},"8":{"start":{"line":26,"column":6},"end":{"line":26,"column":60}},"9":{"start":{"line":27,"column":6},"end":{"line":27,"column":57}},"10":{"start":{"line":30,"column":6},"end":{"line":30,"column":74}},"11":{"start":{"line":34,"column":34},"end":{"line":74,"column":2}},"12":{"start":{"line":39,"column":6},"end":{"line":39,"column":44}},"13":{"start":{"line":42,"column":6},"end":{"line":42,"column":27}},"14":{"start":{"line":45,"column":6},"end":{"line":45,"column":28}},"15":{"start":{"line":48,"column":6},"end":{"line":53,"column":8}},"16":{"start":{"line":54,"column":6},"end":{"line":59,"column":8}},"17":{"start":{"line":60,"column":6},"end":{"line":65,"column":8}},"18":{"start":{"line":68,"column":6},"end":{"line":68,"column":27}},"19":{"start":{"line":69,"column":6},"end":{"line":69,"column":51}},"20":{"start":{"line":70,"column":6},"end":{"line":70,"column":50}},"21":{"start":{"line":71,"column":6},"end":{"line":71,"column":42}},"22":{"start":{"line":75,"column":45},"end":{"line":75,"column":71}}},"fnMap":{"0":{"name":"(anonymous_0)","decl":{"start":{"line":17,"column":34},"end":{"line":17,"column":35}},"loc":{"start":{"line":17,"column":43},"end":{"line":32,"column":1}},"line":17},"1":{"name":"(anonymous_1)","decl":{"start":{"line":17,"column":43},"end":{"line":17,"column":44}},"loc":{"start":{"line":17,"column":67},"end":{"line":32,"column":1}},"line":17},"2":{"name":"(anonymous_2)","decl":{"start":{"line":24,"column":10},"end":{"line":24,"column":11}},"loc":{"start":{"line":24,"column":19},"end":{"line":24,"column":27}},"line":24},"3":{"name":"(anonymous_3)","decl":{"start":{"line":25,"column":10},"end":{"line":25,"column":11}},"loc":{"start":{"line":25,"column":20},"end":{"line":28,"column":5}},"line":25},"4":{"name":"(anonymous_4)","decl":{"start":{"line":29,"column":11},"end":{"line":29,"column":12}},"loc":{"start":{"line":29,"column":20},"end":{"line":31,"column":5}},"line":29},"5":{"name":"(anonymous_5)","decl":{"start":{"line":38,"column":18},"end":{"line":38,"column":19}},"loc":{"start":{"line":38,"column":37},"end":{"line":40,"column":5}},"line":38},"6":{"name":"(anonymous_6)","decl":{"start":{"line":41,"column":18},"end":{"line":41,"column":19}},"loc":{"start":{"line":41,"column":37},"end":{"line":43,"column":5}},"line":41},"7":{"name":"(anonymous_7)","decl":{"start":{"line":44,"column":17},"end":{"line":44,"column":18}},"loc":{"start":{"line":44,"column":36},"end":{"line":46,"column":5}},"line":44},"8":{"name":"(anonymous_8)","decl":{"start":{"line":47,"column":16},"end":{"line":47,"column":17}},"loc":{"start":{"line":47,"column":35},"end":{"line":66,"column":5}},"line":47},"9":{"name":"(anonymous_9)","decl":{"start":{"line":67,"column":16},"end":{"line":67,"column":17}},"loc":{"start":{"line":67,"column":35},"end":{"line":72,"column":5}},"line":67}},"branchMap":{"0":{"loc":{"start":{"line":18,"column":2},"end":{"line":21,"column":3}},"type":"if","locations":[{"start":{"line":18,"column":2},"end":{"line":21,"column":3}},{"start":{},"end":{}}],"line":18}},"s":{"0":1,"1":1,"2":0,"3":0,"4":0,"5":0,"6":0,"7":0,"8":0,"9":0,"10":0,"11":1,"12":0,"13":0,"14":0,"15":0,"16":0,"17":0,"18":0,"19":0,"20":0,"21":0,"22":1},"f":{"0":0,"1":0,"2":0,"3":0,"4":0,"5":0,"6":0,"7":0,"8":0,"9":0},"b":{"0":[0,0]},"_coverageSchema":"1a1c01bbd47fc00a2c39e90264f33305004495a9","hash":"1274520c4de217b4cd26b05c011a664c9dee6816"}
,"/Users/garrettyan/CodeSmith All/OSP/redisee/client/redux/errorSlice.js": {"path":"/Users/garrettyan/CodeSmith All/OSP/redisee/client/redux/errorSlice.js","statementMap":{"0":{"start":{"line":6,"column":21},"end":{"line":11,"column":1}},"1":{"start":{"line":15,"column":26},"end":{"line":32,"column":1}},"2":{"start":{"line":15,"column":35},"end":{"line":32,"column":1}},"3":{"start":{"line":16,"column":2},"end":{"line":19,"column":3}},"4":{"start":{"line":17,"column":4},"end":{"line":17,"column":46}},"5":{"start":{"line":18,"column":4},"end":{"line":18,"column":48}},"6":{"start":{"line":20,"column":2},"end":{"line":22,"column":3}},"7":{"start":{"line":21,"column":4},"end":{"line":21,"column":48}},"8":{"start":{"line":23,"column":2},"end":{"line":30,"column":7}},"9":{"start":{"line":25,"column":19},"end":{"line":25,"column":27}},"10":{"start":{"line":27,"column":6},"end":{"line":27,"column":24}},"11":{"start":{"line":28,"column":6},"end":{"line":28,"column":52}},"12":{"start":{"line":29,"column":6},"end":{"line":29,"column":49}},"13":{"start":{"line":31,"column":2},"end":{"line":31,"column":14}},"14":{"start":{"line":34,"column":26},"end":{"line":67,"column":2}},"15":{"start":{"line":39,"column":6},"end":{"line":39,"column":44}},"16":{"start":{"line":42,"column":6},"end":{"line":42,"column":27}},"17":{"start":{"line":45,"column":6},"end":{"line":45,"column":28}},"18":{"start":{"line":48,"column":6},"end":{"line":53,"column":8}},"19":{"start":{"line":54,"column":6},"end":{"line":59,"column":8}},"20":{"start":{"line":62,"column":6},"end":{"line":62,"column":27}},"21":{"start":{"line":63,"column":6},"end":{"line":63,"column":54}},"22":{"start":{"line":64,"column":6},"end":{"line":64,"column":49}},"23":{"start":{"line":68,"column":45},"end":{"line":68,"column":63}}},"fnMap":{"0":{"name":"(anonymous_0)","decl":{"start":{"line":15,"column":26},"end":{"line":15,"column":27}},"loc":{"start":{"line":15,"column":35},"end":{"line":32,"column":1}},"line":15},"1":{"name":"(anonymous_1)","decl":{"start":{"line":15,"column":35},"end":{"line":15,"column":36}},"loc":{"start":{"line":15,"column":59},"end":{"line":32,"column":1}},"line":15},"2":{"name":"(anonymous_2)","decl":{"start":{"line":25,"column":10},"end":{"line":25,"column":11}},"loc":{"start":{"line":25,"column":19},"end":{"line":25,"column":27}},"line":25},"3":{"name":"(anonymous_3)","decl":{"start":{"line":26,"column":10},"end":{"line":26,"column":11}},"loc":{"start":{"line":26,"column":20},"end":{"line":30,"column":5}},"line":26},"4":{"name":"(anonymous_4)","decl":{"start":{"line":38,"column":18},"end":{"line":38,"column":19}},"loc":{"start":{"line":38,"column":37},"end":{"line":40,"column":5}},"line":38},"5":{"name":"(anonymous_5)","decl":{"start":{"line":41,"column":18},"end":{"line":41,"column":19}},"loc":{"start":{"line":41,"column":37},"end":{"line":43,"column":5}},"line":41},"6":{"name":"(anonymous_6)","decl":{"start":{"line":44,"column":17},"end":{"line":44,"column":18}},"loc":{"start":{"line":44,"column":36},"end":{"line":46,"column":5}},"line":44},"7":{"name":"(anonymous_7)","decl":{"start":{"line":47,"column":16},"end":{"line":47,"column":17}},"loc":{"start":{"line":47,"column":35},"end":{"line":60,"column":5}},"line":47},"8":{"name":"(anonymous_8)","decl":{"start":{"line":61,"column":16},"end":{"line":61,"column":17}},"loc":{"start":{"line":61,"column":35},"end":{"line":65,"column":5}},"line":61}},"branchMap":{"0":{"loc":{"start":{"line":16,"column":2},"end":{"line":19,"column":3}},"type":"if","locations":[{"start":{"line":16,"column":2},"end":{"line":19,"column":3}},{"start":{},"end":{}}],"line":16},"1":{"loc":{"start":{"line":20,"column":2},"end":{"line":22,"column":3}},"type":"if","locations":[{"start":{"line":20,"column":2},"end":{"line":22,"column":3}},{"start":{},"end":{}}],"line":20}},"s":{"0":1,"1":1,"2":0,"3":0,"4":0,"5":0,"6":0,"7":0,"8":0,"9":0,"10":0,"11":0,"12":0,"13":0,"14":1,"15":0,"16":0,"17":0,"18":0,"19":0,"20":0,"21":0,"22":0,"23":1},"f":{"0":0,"1":0,"2":0,"3":0,"4":0,"5":0,"6":0,"7":0,"8":0},"b":{"0":[0,0],"1":[0,0]},"_coverageSchema":"1a1c01bbd47fc00a2c39e90264f33305004495a9","hash":"7fe197d3cf1eb1c98e7ada448faf75ba25ae5546"}
,"/Users/garrettyan/CodeSmith All/OSP/redisee/client/redux/globalSlice.js": {"path":"/Users/garrettyan/CodeSmith All/OSP/redisee/client/redux/globalSlice.js","statementMap":{"0":{"start":{"line":10,"column":21},"end":{"line":17,"column":1}},"1":{"start":{"line":23,"column":27},"end":{"line":41,"column":1}},"2":{"start":{"line":23,"column":37},"end":{"line":41,"column":1}},"3":{"start":{"line":24,"column":2},"end":{"line":40,"column":7}},"4":{"start":{"line":27,"column":40},"end":{"line":27,"column":59}},"5":{"start":{"line":28,"column":6},"end":{"line":28,"column":67}},"6":{"start":{"line":29,"column":6},"end":{"line":29,"column":28}},"7":{"start":{"line":30,"column":6},"end":{"line":30,"column":45}},"8":{"start":{"line":31,"column":6},"end":{"line":31,"column":31}},"9":{"start":{"line":34,"column":6},"end":{"line":36,"column":7}},"10":{"start":{"line":35,"column":8},"end":{"line":35,"column":76}},"11":{"start":{"line":37,"column":6},"end":{"line":39,"column":7}},"12":{"start":{"line":38,"column":8},"end":{"line":38,"column":78}},"13":{"start":{"line":45,"column":28},"end":{"line":55,"column":1}},"14":{"start":{"line":45,"column":34},"end":{"line":55,"column":1}},"15":{"start":{"line":46,"column":2},"end":{"line":54,"column":7}},"16":{"start":{"line":48,"column":19},"end":{"line":48,"column":27}},"17":{"start":{"line":50,"column":6},"end":{"line":50,"column":53}},"18":{"start":{"line":53,"column":6},"end":{"line":53,"column":74}},"19":{"start":{"line":57,"column":25},"end":{"line":67,"column":1}},"20":{"start":{"line":57,"column":36},"end":{"line":67,"column":1}},"21":{"start":{"line":58,"column":2},"end":{"line":66,"column":7}},"22":{"start":{"line":61,"column":6},"end":{"line":61,"column":53}},"23":{"start":{"line":62,"column":6},"end":{"line":62,"column":67}},"24":{"start":{"line":65,"column":6},"end":{"line":65,"column":74}},"25":{"start":{"line":69,"column":26},"end":{"line":79,"column":1}},"26":{"start":{"line":69,"column":37},"end":{"line":79,"column":1}},"27":{"start":{"line":70,"column":2},"end":{"line":78,"column":7}},"28":{"start":{"line":73,"column":6},"end":{"line":73,"column":49}},"29":{"start":{"line":74,"column":6},"end":{"line":74,"column":67}},"30":{"start":{"line":77,"column":6},"end":{"line":77,"column":75}},"31":{"start":{"line":81,"column":27},"end":{"line":125,"column":2}},"32":{"start":{"line":86,"column":6},"end":{"line":86,"column":27}},"33":{"start":{"line":89,"column":6},"end":{"line":89,"column":28}},"34":{"start":{"line":92,"column":6},"end":{"line":92,"column":37}},"35":{"start":{"line":95,"column":6},"end":{"line":95,"column":42}},"36":{"start":{"line":98,"column":6},"end":{"line":98,"column":28}},"37":{"star
[...]
olumn":11},"end":{"line":33,"column":12}},"loc":{"start":{"line":33,"column":20},"end":{"line":40,"column":5}},"line":33},"4":{"name":"(anonymous_4)","decl":{"start":{"line":45,"column":28},"end":{"line":45,"column":29}},"loc":{"start":{"line":45,"column":34},"end":{"line":55,"column":1}},"line":45},"5":{"name":"(anonymous_5)","decl":{"start":{"line":45,"column":34},"end":{"line":45,"column":35}},"loc":{"start":{"line":45,"column":58},"end":{"line":55,"column":1}},"line":45},"6":{"name":"(anonymous_6)","decl":{"start":{"line":48,"column":10},"end":{"line":48,"column":11}},"loc":{"start":{"line":48,"column":19},"end":{"line":48,"column":27}},"line":48},"7":{"name":"(anonymous_7)","decl":{"start":{"line":49,"column":10},"end":{"line":49,"column":11}},"loc":{"start":{"line":49,"column":20},"end":{"line":51,"column":5}},"line":49},"8":{"name":"(anonymous_8)","decl":{"start":{"line":52,"column":11},"end":{"line":52,"column":12}},"loc":{"start":{"line":52,"column":20},"end":{"line":54,"column":5}},"line":52},"9":{"name":"(anonymous_9)","decl":{"start":{"line":57,"column":25},"end":{"line":57,"column":26}},"loc":{"start":{"line":57,"column":36},"end":{"line":67,"column":1}},"line":57},"10":{"name":"(anonymous_10)","decl":{"start":{"line":57,"column":36},"end":{"line":57,"column":37}},"loc":{"start":{"line":57,"column":60},"end":{"line":67,"column":1}},"line":57},"11":{"name":"(anonymous_11)","decl":{"start":{"line":60,"column":10},"end":{"line":60,"column":11}},"loc":{"start":{"line":60,"column":19},"end":{"line":63,"column":5}},"line":60},"12":{"name":"(anonymous_12)","decl":{"start":{"line":64,"column":11},"end":{"line":64,"column":12}},"loc":{"start":{"line":64,"column":20},"end":{"line":66,"column":5}},"line":64},"13":{"name":"(anonymous_13)","decl":{"start":{"line":69,"column":26},"end":{"line":69,"column":27}},"loc":{"start":{"line":69,"column":37},"end":{"line":79,"column":1}},"line":69},"14":{"name":"(anonymous_14)","decl":{"start":{"line":69,"column":37},"end":{"line":69,"column":38}},"loc":{"start":{"line":69,"column":61},"end":{"line":79,"column":1}},"line":69},"15":{"name":"(anonymous_15)","decl":{"start":{"line":72,"column":10},"end":{"line":72,"column":11}},"loc":{"start":{"line":72,"column":19},"end":{"line":75,"column":5}},"line":72},"16":{"name":"(anonymous_16)","decl":{"start":{"line":76,"column":11},"end":{"line":76,"column":12}},"loc":{"start":{"line":76,"column":20},"end":{"line":78,"column":5}},"line":76},"17":{"name":"(anonymous_17)","decl":{"start":{"line":85,"column":18},"end":{"line":85,"column":19}},"loc":{"start":{"line":85,"column":37},"end":{"line":87,"column":5}},"line":85},"18":{"name":"(anonymous_18)","decl":{"start":{"line":88,"column":17},"end":{"line":88,"column":18}},"loc":{"start":{"line":88,"column":36},"end":{"line":90,"column":5}},"line":88},"19":{"name":"(anonymous_19)","decl":{"start":{"line":91,"column":16},"end":{"line":91,"column":17}},"loc":{"start":{"line":91,"column":35},"end":{"line":93,"column":5}},"line":91},"20":{"name":"(anonymous_20)","decl":{"start":{"line":94,"column":18},"end":{"line":94,"column":19}},"loc":{"start":{"line":94,"column":37},"end":{"line":96,"column":5}},"line":94},"21":{"name":"(anonymous_21)","decl":{"start":{"line":97,"column":14},"end":{"line":97,"column":15}},"loc":{"start":{"line":97,"column":33},"end":{"line":99,"column":5}},"line":97},"22":{"name":"(anonymous_22)","decl":{"start":{"line":100,"column":15},"end":{"line":100,"column":16}},"loc":{"start":{"line":100,"column":34},"end":{"line":102,"column":5}},"line":100},"23":{"name":"(anonymous_23)","decl":{"start":{"line":103,"column":15},"end":{"line":103,"column":16}},"loc":{"start":{"line":103,"column":34},"end":{"line":107,"column":5}},"line":103},"24":{"name":"(anonymous_24)","decl":{"start":{"line":105,"column":8},"end":{"line":105,"column":9}},"loc":{"start":{"line":105,"column":20},"end":{"line":105,"column":45}},"line":105},"25":{"name":"(anonymous_25)","decl":{"start":{"line":108,"column":17},"end":{"line":108,"column":18}},"loc":{"start":{"line":108,"column":36},"end":{"line":112,"column":5}},"line":108},"26":{"name":"(anonymous_26)","decl":{"start":{"line":113,"column":16},"end":{"line":113,"column":17}},"loc":{"start":{"line":113,"column":35},"end":{"line":115,"column":5}},"line":113},"27":{"name":"(anonymous_27)","decl":{"start":{"line":116,"column":16},"end":{"line":116,"column":17}},"loc":{"start":{"line":116,"column":35},"end":{"line":120,"column":5}},"line":116},"28":{"name":"(anonymous_28)","decl":{"start":{"line":121,"column":18},"end":{"line":121,"column":19}},"loc":{"start":{"line":121,"column":37},"end":{"line":123,"column":5}},"line":121}},"branchMap":{"0":{"loc":{"start":{"line":34,"column":6},"end":{"line":36,"column":7}},"type":"if","locations":[{"start":{"line":34,"column":6},"end":{"line":36,"column":7}},{"start":{},"end":{}}],"line":34},"1":{"loc":{"start":{"line":37,"column":6},"end":{"line":39,"column":7}},"type":"if","locations":[{"start":{"line":37,"column":6},"end":{"line":39,"column":7}},{"start":{},"end":{}}],"line":37},"2":{"loc":{"start":{"line":109,"column":6},"end":{"line":111,"column":33}},"type":"cond-expr","locations":[{"start":{"line":110,"column":11},"end":{"line":110,"column":31}},{"start":{"line":111,"column":11},"end":{"line":111,"column":32}}],"line":109}},"s":{"0":1,"1":1,"2":0,"3":0,"4":0,"5":0,"6":0,"7":0,"8":0,"9":0,"10":0,"11":0,"12":0,"13":1,"14":0,"15":0,"16":0,"17":0,"18":0,"19":1,"20":0,"21":0,"22":0,"23":0,"24":0,"25":1,"26":0,"27":0,"28":0,"29":0,"30":0,"31":1,"32":0,"33":0,"34":0,"35":0,"36":0,"37":0,"38":0,"39":0,"40":0,"41":0,"42":0,"43":0,"44":0,"45":0,"46":1},"f":{"0":0,"1":0,"2":0,"3":0,"4":0,"5":0,"6":0,"7":0,"8":0,"9":0,"10":0,"11":0,"12":0,"13":0,"14":0,"15":0,"16":0,"17":0,"18":0,"19":0,"20":0,"21":0,"22":0,"23":0,"24":0,"25":0,"26":0,"27":0,"28":0},"b":{"0":[0,0],"1":[0,0],"2":[0,0]},"_coverageSchema":"1a1c01bbd47fc00a2c39e90264f33305004495a9","hash":"baaf0766af691c2e60f34d31e8e4fccf646f7e8a"}
,"/Users/garrettyan/CodeSmith All/OSP/redisee/client/redux/memorySlice.js": {"path":"/Users/garrettyan/CodeSmith All/OSP/redisee/client/redux/memorySlice.js","statementMap":{"0":{"start":{"line":11,"column":21},"end":{"line":17,"column":1}},"1":{"start":{"line":24,"column":25},"end":{"line":43,"column":1}},"2":{"start":{"line":24,"column":34},"end":{"line":43,"column":1}},"3":{"start":{"line":27,"column":2},"end":{"line":30,"column":3}},"4":{"start":{"line":28,"column":4},"end":{"line":28,"column":49}},"5":{"start":{"line":29,"column":4},"end":{"line":29,"column":49}},"6":{"start":{"line":31,"column":2},"end":{"line":42,"column":7}},"7":{"start":{"line":33,"column":19},"end":{"line":33,"column":27}},"8":{"start":{"line":35,"column":6},"end":{"line":35,"column":28}},"9":{"start":{"line":36,"column":6},"end":{"line":36,"column":53}},"10":{"start":{"line":37,"column":6},"end":{"line":37,"column":50}},"11":{"start":{"line":41,"column":6},"end":{"line":41,"column":74}},"12":{"start":{"line":45,"column":27},"end":{"line":86,"column":2}},"13":{"start":{"line":50,"column":6},"end":{"line":50,"column":44}},"14":{"start":{"line":53,"column":6},"end":{"line":53,"column":27}},"15":{"start":{"line":56,"column":6},"end":{"line":56,"column":28}},"16":{"start":{"line":60,"column":6},"end":{"line":65,"column":8}},"17":{"start":{"line":66,"column":6},"end":{"line":71,"column":8}},"18":{"start":{"line":72,"column":6},"end":{"line":77,"column":8}},"19":{"start":{"line":80,"column":6},"end":{"line":80,"column":27}},"20":{"start":{"line":81,"column":6},"end":{"line":81,"column":45}},"21":{"start":{"line":82,"column":6},"end":{"line":82,"column":57}},"22":{"start":{"line":83,"column":6},"end":{"line":83,"column":46}},"23":{"start":{"line":88,"column":45},"end":{"line":88,"column":64}}},"fnMap":{"0":{"name":"(anonymous_0)","decl":{"start":{"line":24,"column":25},"end":{"line":24,"column":26}},"loc":{"start":{"line":24,"column":34},"end":{"line":43,"column":1}},"line":24},"1":{"name":"(anonymous_1)","decl":{"start":{"line":24,"column":34},"end":{"line":24,"column":35}},"loc":{"start":{"line":24,"column":58},"end":{"line":43,"column":1}},"line":24},"2":{"name":"(anonymous_2)","decl":{"start":{"line":33,"column":10},"end":{"line":33,"column":11}},"loc":{"start":{"line":33,"column":19},"end":{"line":33,"column":27}},"line":33},"3":{"name":"(anonymous_3)","decl":{"start":{"line":34,"column":10},"end":{"line":34,"column":11}},"loc":{"start":{"line":34,"column":20},"end":{"line":38,"column":5}},"line":34},"4":{"name":"(anonymous_4)","decl":{"start":{"line":39,"column":11},"end":{"line":39,"column":12}},"loc":{"start":{"line":39,"column":20},"end":{"line":42,"column":5}},"line":39},"5":{"name":"(anonymous_5)","decl":{"start":{"line":49,"column":18},"end":{"line":49,"column":19}},"loc":{"start":{"line":49,"column":37},"end":{"line":51,"column":5}},"line":49},"6":{"name":"(anonymous_6)","decl":{"start":{"line":52,"column":18},"end":{"line":52,"column":19}},"loc":{"start":{"line":52,"column":37},"end":{"line":54,"column":5}},"line":52},"7":{"name":"(anonymous_7)","decl":{"start":{"line":55,"column":17},"end":{"line":55,"column":18}},"loc":{"start":{"line":55,"column":36},"end":{"line":57,"column":5}},"line":55},"8":{"name":"(anonymous_8)","decl":{"start":{"line":58,"column":16},"end":{"line":58,"column":17}},"loc":{"start":{"line":58,"column":35},"end":{"line":78,"column":5}},"line":58},"9":{"name":"(anonymous_9)","decl":{"start":{"line":79,"column":16},"end":{"line":79,"column":17}},"loc":{"start":{"line":79,"column":35},"end":{"line":84,"column":5}},"line":79}},"branchMap":{"0":{"loc":{"start":{"line":27,"column":2},"end":{"line":30,"column":3}},"type":"if","locations":[{"start":{"line":27,"column":2},"end":{"line":30,"column":3}},{"start":{},"end":{}}],"line":27}},"s":{"0":1,"1":1,"2":0,"3":0,"4":0,"5":0,"6":0,"7":0,"8":0,"9":0,"10":0,"11":0,"12":1,"13":0,"14":0,"15":0,"16":0,"17":0,"18":0,"19":0,"20":0,"21":0,"22":0,"23":1},"f":{"0":0,"1":0,"2":0,"3":0,"4":0,"5":0,"6":0,"7":0,"8":0,"9":0},"b":{"0":[0,0]},"_coverageSchema":"1a1c01bbd47fc00a2c39e90264f33305004495a9","hash":"d4a8bc2aa3490eafbc28d9a480c424ff0fcb9020"}
,"/Users/garrettyan/CodeSmith All/OSP/redisee/client/redux/performanceSlice.js": {"path":"/Users/garrettyan/CodeSmith All/OSP/redisee/client/redux/performanceSlice.js","statementMap":{"0":{"start":{"line":7,"column":21},"end":{"line":19,"column":1}},"1":{"start":{"line":24,"column":36},"end":{"line":39,"column":1}},"2":{"start":{"line":24,"column":45},"end":{"line":39,"column":1}},"3":{"start":{"line":25,"column":2},"end":{"line":28,"column":3}},"4":{"start":{"line":26,"column":4},"end":{"line":26,"column":54}},"5":{"start":{"line":27,"column":4},"end":{"line":27,"column":54}},"6":{"start":{"line":29,"column":2},"end":{"line":38,"column":7}},"7":{"start":{"line":31,"column":19},"end":{"line":31,"column":27}},"8":{"start":{"line":33,"column":6},"end":{"line":33,"column":58}},"9":{"start":{"line":34,"column":6},"end":{"line":34,"column":55}},"10":{"start":{"line":37,"column":6},"end":{"line":37,"column":74}},"11":{"start":{"line":41,"column":32},"end":{"line":83,"column":2}},"12":{"start":{"line":46,"column":6},"end":{"line":46,"column":44}},"13":{"start":{"line":49,"column":6},"end":{"line":49,"column":27}},"14":{"start":{"line":52,"column":6},"end":{"line":52,"column":28}},"15":{"start":{"line":55,"column":6},"end":{"line":60,"column":8}},"16":{"start":{"line":61,"column":6},"end":{"line":66,"column":8}},"17":{"start":{"line":67,"column":6},"end":{"line":67,"column":76}},"18":{"start":{"line":68,"column":6},"end":{"line":68,"column":78}},"19":{"start":{"line":69,"column":6},"end":{"line":69,"column":68}},"20":{"start":{"line":72,"column":6},"end":{"line":72,"column":27}},"21":{"start":{"line":73,"column":6},"end":{"line":73,"column":41}},"22":{"start":{"line":74,"column":6},"end":{"line":74,"column":38}},"23":{"start":{"line":75,"column":6},"end":{"line":78,"column":8}},"24":{"start":{"line":79,"column":6},"end":{"line":79,"column":22}},"25":{"start":{"line":80,"column":6},"end":{"line":80,"column":22}},"26":{"start":{"line":85,"column":45},"end":{"line":85,"column":69}}},"fnMap":{"0":{"name":"(anonymous_0)","decl":{"start":{"line":24,"column":36},"end":{"line":24,"column":37}},"loc":{"start":{"line":24,"column":45},"end":{"line":39,"column":1}},"line":24},"1":{"name":"(anonymous_1)","decl":{"start":{"line":24,"column":45},"end":{"line":24,"column":46}},"loc":{"start":{"line":24,"column":69},"end":{"line":39,"column":1}},"line":24},"2":{"name":"(anonymous_2)","decl":{"start":{"line":31,"column":10},"end":{"line":31,"column":11}},"loc":{"start":{"line":31,"column":19},"end":{"line":31,"column":27}},"line":31},"3":{"name":"(anonymous_3)","decl":{"start":{"line":32,"column":10},"end":{"line":32,"column":11}},"loc":{"start":{"line":32,"column":20},"end":{"line":35,"column":5}},"line":32},"4":{"name":"(anonymous_4)","decl":{"start":{"line":36,"column":11},"end":{"line":36,"column":12}},"loc":{"start":{"line":36,"column":20},"end":{"line":38,"column":5}},"line":36},"5":{"name":"(anonymous_5)","decl":{"start":{"line":45,"column":18},"end":{"line":45,"column":19}},"loc":{"start":{"line":45,"column":37},"end":{"line":47,"column":5}},"line":45},"6":{"name":"(anonymous_6)","decl":{"start":{"line":48,"column":18},"end":{"line":48,"column":19}},"loc":{"start":{"line":48,"column":37},"end":{"line":50,"column":5}},"line":48},"7":{"name":"(anonymous_7)","decl":{"start":{"line":51,"column":17},"end":{"line":51,"column":18}},"loc":{"start":{"line":51,"column":36},"end":{"line":53,"column":5}},"line":51},"8":{"name":"(anonymous_8)","decl":{"start":{"line":54,"column":16},"end":{"line":54,"column":17}},"loc":{"start":{"line":54,"column":35},"end":{"line":70,"column":5}},"line":54},"9":{"name":"(anonymous_9)","decl":{"start":{"line":71,"column":16},"end":{"line":71,"column":17}},"loc":{"start":{"line":71,"column":35},"end":{"line":81,"column":5}},"line":71}},"branchMap":{"0":{"loc":{"start":{"line":25,"column":2},"end":{"line":28,"column":3}},"type":"if","locations":[{"start":{"line":25,"column":2},"end":{"line":28,"column":3}},{"start":{},"end":{}}],"line":25}},"s":{"0":1,"1":1,"2":0,"3":0,"4":0,"5":0,"6":0,"7":0,"8":0,"9":0,"10":0,"11":1,"12":0,"13":0,"14":0,"15":0,"16":0,"17":0,"18":0,"19":0,"20":0,"21":0,"22":0,"23":0,"24":0,"25":0,"26":1},"f":{"0":0,"1":0,"2":0,"3":0,"4":0,"5":0,"6":0,"7":0,"8":0,"9":0},"b":{"0":[0,0]},"_coverageSchema":"1a1c01bbd47fc00a2c39e90264f33305004495a9","hash":"4e4cd34631bc5895df03f27af6fe8d385f355c14"}
,"/Users/garrettyan/CodeSmith All/OSP/redisee/client/redux/persistenceSlice.js": {"path":"/Users/garrettyan/CodeSmith All/OSP/redisee/client/redux/persistenceSlice.js","statementMap":{"0":{"start":{"line":7,"column":21},"end":{"line":12,"column":1}},"1":{"start":{"line":14,"column":33},"end":{"line":29,"column":1}},"2":{"start":{"line":14,"column":42},"end":{"line":29,"column":1}},"3":{"start":{"line":15,"column":2},"end":{"line":18,"column":3}},"4":{"start":{"line":16,"column":4},"end":{"line":16,"column":54}},"5":{"start":{"line":17,"column":4},"end":{"line":17,"column":54}},"6":{"start":{"line":19,"column":2},"end":{"line":28,"column":7}},"7":{"start":{"line":21,"column":19},"end":{"line":21,"column":27}},"8":{"start":{"line":23,"column":6},"end":{"line":23,"column":58}},"9":{"start":{"line":24,"column":6},"end":{"line":24,"column":55}},"10":{"start":{"line":27,"column":6},"end":{"line":27,"column":74}},"11":{"start":{"line":31,"column":32},"end":{"line":64,"column":2}},"12":{"start":{"line":36,"column":6},"end":{"line":36,"column":44}},"13":{"start":{"line":39,"column":6},"end":{"line":39,"column":27}},"14":{"start":{"line":42,"column":6},"end":{"line":42,"column":28}},"15":{"start":{"line":45,"column":6},"end":{"line":50,"column":8}},"16":{"start":{"line":51,"column":6},"end":{"line":56,"column":8}},"17":{"start":{"line":59,"column":6},"end":{"line":59,"column":27}},"18":{"start":{"line":60,"column":6},"end":{"line":60,"column":38}},"19":{"start":{"line":61,"column":6},"end":{"line":61,"column":39}},"20":{"start":{"line":66,"column":45},"end":{"line":66,"column":69}}},"fnMap":{"0":{"name":"(anonymous_0)","decl":{"start":{"line":14,"column":33},"end":{"line":14,"column":34}},"loc":{"start":{"line":14,"column":42},"end":{"line":29,"column":1}},"line":14},"1":{"name":"(anonymous_1)","decl":{"start":{"line":14,"column":42},"end":{"line":14,"column":43}},"loc":{"start":{"line":14,"column":66},"end":{"line":29,"column":1}},"line":14},"2":{"name":"(anonymous_2)","decl":{"start":{"line":21,"column":10},"end":{"line":21,"column":11}},"loc":{"start":{"line":21,"column":19},"end":{"line":21,"column":27}},"line":21},"3":{"name":"(anonymous_3)","decl":{"start":{"line":22,"column":10},"end":{"line":22,"column":11}},"loc":{"start":{"line":22,"column":20},"end":{"line":25,"column":5}},"line":22},"4":{"name":"(anonymous_4)","decl":{"start":{"line":26,"column":11},"end":{"line":26,"column":12}},"loc":{"start":{"line":26,"column":20},"end":{"line":28,"column":5}},"line":26},"5":{"name":"(anonymous_5)","decl":{"start":{"line":35,"column":18},"end":{"line":35,"column":19}},"loc":{"start":{"line":35,"column":37},"end":{"line":37,"column":5}},"line":35},"6":{"name":"(anonymous_6)","decl":{"start":{"line":38,"column":18},"end":{"line":38,"column":19}},"loc":{"start":{"line":38,"column":37},"end":{"line":40,"column":5}},"line":38},"7":{"name":"(anonymous_7)","decl":{"start":{"line":41,"column":17},"end":{"line":41,"column":18}},"loc":{"start":{"line":41,"column":36},"end":{"line":43,"column":5}},"line":41},"8":{"name":"(anonymous_8)","decl":{"start":{"line":44,"column":16},"end":{"line":44,"column":17}},"loc":{"start":{"line":44,"column":35},"end":{"line":57,"column":5}},"line":44},"9":{"name":"(anonymous_9)","decl":{"start":{"line":58,"column":16},"end":{"line":58,"column":17}},"loc":{"start":{"line":58,"column":35},"end":{"line":62,"column":5}},"line":58}},"branchMap":{"0":{"loc":{"start":{"line":15,"column":2},"end":{"line":18,"column":3}},"type":"if","locations":[{"start":{"line":15,"column":2},"end":{"line":18,"column":3}},{"start":{},"end":{}}],"line":15}},"s":{"0":1,"1":1,"2":0,"3":0,"4":0,"5":0,"6":0,"7":0,"8":0,"9":0,"10":0,"11":1,"12":0,"13":0,"14":0,"15":0,"16":0,"17":0,"18":0,"19":0,"20":1},"f":{"0":0,"1":0,"2":0,"3":0,"4":0,"5":0,"6":0,"7":0,"8":0,"9":0},"b":{"0":[0,0]},"_coverageSchema":"1a1c01bbd47fc00a2c39e90264f33305004495a9","hash":"48f543af6f754b9ad2b2603de455bbae4147d6b4"}
,"/Users/garrettyan/CodeSmith All/OSP/redisee/client/redux/store.js": {"path":"/Users/garrettyan/CodeSmith All/OSP/redisee/client/redux/store.js","statementMap":{"0":{"start":{"line":9,"column":21},"end":{"line":18,"column":2}}},"fnMap":{},"branchMap":{},"s":{"0":0},"f":{},"b":{}}
,"/Users/garrettyan/CodeSmith All/OSP/redisee/client/redux/submitFormSlice.js": {"path":"/Users/garrettyan/CodeSmith All/OSP/redisee/client/redux/submitFormSlice.js","statementMap":{"0":{"start":{"line":4,"column":21},"end":{"line":6,"column":1}},"1":{"start":{"line":7,"column":26},"end":{"line":20,"column":1}},"2":{"start":{"line":8,"column":2},"end":{"line":8,"column":21}},"3":{"start":{"line":11,"column":2},"end":{"line":19,"column":38}},"4":{"start":{"line":18,"column":19},"end":{"line":18,"column":35}},"5":{"start":{"line":19,"column":20},"end":{"line":19,"column":36}}},"fnMap":{"0":{"name":"(anonymous_0)","decl":{"start":{"line":7,"column":26},"end":{"line":7,"column":27}},"loc":{"start":{"line":7,"column":33},"end":{"line":20,"column":1}},"line":7},"1":{"name":"(anonymous_1)","decl":{"start":{"line":18,"column":10},"end":{"line":18,"column":11}},"loc":{"start":{"line":18,"column":19},"end":{"line":18,"column":35}},"line":18},"2":{"name":"(anonymous_2)","decl":{"start":{"line":19,"column":11},"end":{"line":19,"column":12}},"loc":{"start":{"line":19,"column":20},"end":{"line":19,"column":36}},"line":19}},"branchMap":{},"s":{"0":0,"1":0,"2":0,"3":0,"4":0,"5":0},"f":{"0":0,"1":0,"2":0},"b":{}}
}
